# JRE version: OpenJDK Runtime Environment Corretto-16.0.2.7.1 (16.0.2+7) (build 16.0.2+7)
# Java VM: OpenJDK 64-Bit Server VM Corretto-16.0.2.7.1 (16.0.2+7, mixed mode, sharing, tiered, compressed oops, compressed class ptrs, g1 gc, windows-amd64)
GC Precious Log:
 CPUs: 12 total, 12 available
 Memory: 16335M
 Large Page Support: Disabled
 NUMA Support: Disabled
 Compressed Oops: Enabled (Zero based)
 Heap Region Size: 2M
 Heap Min Capacity: 8M
 Heap Initial Capacity: 256M
 Heap Max Capacity: 3G
 Pre-touch: Disabled
 Parallel Workers: 10
 Concurrent Workers: 3
 Concurrent Refinement Workers: 10
 Periodic GC: Disabled
Heap:
 garbage-first heap   total 223232K, used 164119K [0x0000000740000000, 0x0000000800000000)
  region size 2048K, 57 young (116736K), 2 survivors (4096K)
 Metaspace       used 60261K, committed 60800K, reserved 1105920K
  class space    used 7965K, committed 8256K, reserved 1048576K
GC Heap History (20 events):
Event: 6.209 GC heap before
{Heap before GC invocations=13 (full 0):
 garbage-first heap   total 98304K, used 48946K [0x0000000740000000, 0x0000000800000000)
  region size 2048K, 5 young (10240K), 2 survivors (4096K)
 Metaspace       used 52506K, committed 53056K, reserved 1097728K
  class space    used 6940K, committed 7232K, reserved 1048576K
}
Event: 6.213 GC heap after
{Heap after GC invocations=14 (full 0):
 garbage-first heap   total 98304K, used 45285K [0x0000000740000000, 0x0000000800000000)
  region size 2048K, 1 young (2048K), 1 survivors (2048K)
 Metaspace       used 52506K, committed 53056K, reserved 1097728K
  class space    used 6940K, committed 7232K, reserved 1048576K
}
Event: 6.263 GC heap before
{Heap before GC invocations=15 (full 0):
 garbage-first heap   total 98304K, used 49381K [0x0000000740000000, 0x0000000800000000)
  region size 2048K, 2 young (4096K), 1 survivors (2048K)
 Metaspace       used 52740K, committed 53248K, reserved 1097728K
  class space    used 6967K, committed 7232K, reserved 1048576K
}
Event: 6.265 GC heap after
{Heap after GC invocations=16 (full 0):
 garbage-first heap   total 98304K, used 45144K [0x0000000740000000, 0x0000000800000000)
  region size 2048K, 1 young (2048K), 1 survivors (2048K)
 Metaspace       used 52740K, committed 53248K, reserved 1097728K
  class space    used 6967K, committed 7232K, reserved 1048576K
}
Event: 6.889 GC heap before
{Heap before GC invocations=17 (full 0):
 garbage-first heap   total 98304K, used 67672K [0x0000000740000000, 0x0000000800000000)
  region size 2048K, 11 young (22528K), 1 survivors (2048K)
 Metaspace       used 54899K, committed 55424K, reserved 1097728K
  class space    used 7243K, committed 7552K, reserved 1048576K
}
Event: 6.892 GC heap after
{Heap after GC invocations=18 (full 0):
 garbage-first heap   total 98304K, used 46540K [0x0000000740000000, 0x0000000800000000)
  region size 2048K, 1 young (2048K), 1 survivors (2048K)
 Metaspace       used 54899K, committed 55424K, reserved 1097728K
  class space    used 7243K, committed 7552K, reserved 1048576K
}
Event: 7.041 GC heap before
{Heap before GC invocations=19 (full 0):
 garbage-first heap   total 112640K, used 75212K [0x0000000740000000, 0x0000000800000000)
  region size 2048K, 7 young (14336K), 1 survivors (2048K)
 Metaspace       used 55175K, committed 55744K, reserved 1097728K
  class space    used 7265K, committed 7552K, reserved 1048576K
}
Event: 7.043 GC heap after
{Heap after GC invocations=20 (full 0):
 garbage-first heap   total 112640K, used 46932K [0x0000000740000000, 0x0000000800000000)
  region size 2048K, 2 young (4096K), 2 survivors (4096K)
 Metaspace       used 55175K, committed 55744K, reserved 1097728K
  class space    used 7265K, committed 7552K, reserved 1048576K
}
Event: 7.075 GC heap before
{Heap before GC invocations=20 (full 0):
 garbage-first heap   total 112640K, used 73556K [0x0000000740000000, 0x0000000800000000)
  region size 2048K, 7 young (14336K), 2 survivors (4096K)
 Metaspace       used 55193K, committed 55744K, reserved 1097728K
  class space    used 7265K, committed 7552K, reserved 1048576K
}
Event: 7.077 GC heap after
{Heap after GC invocations=21 (full 0):
 garbage-first heap   total 112640K, used 46910K [0x0000000740000000, 0x0000000800000000)
  region size 2048K, 2 young (4096K), 2 survivors (4096K)
 Metaspace       used 55193K, committed 55744K, reserved 1097728K
  class space    used 7265K, committed 7552K, reserved 1048576K
}
Event: 7.104 GC heap before
{Heap before GC invocations=21 (full 0):
 garbage-first heap   total 112640K, used 65342K [0x0000000740000000, 0x0000000800000000)
  region size 2048K, 3 young (6144K), 2 survivors (4096K)
 Metaspace       used 55197K, committed 55744K, reserved 1097728K
  class space    used 7265K, committed 7552K, reserved 1048576K
}
Event: 7.106 GC heap after
{Heap after GC invocations=22 (full 0):
 garbage-first heap   total 145408K, used 46848K [0x0000000740000000, 0x0000000800000000)
  region size 2048K, 2 young (4096K), 2 survivors (4096K)
 Metaspace       used 55197K, committed 55744K, reserved 1097728K
  class space    used 7265K, committed 7552K, reserved 1048576K
}
Event: 7.236 GC heap before
{Heap before GC invocations=22 (full 0):
 garbage-first heap   total 145408K, used 73472K [0x0000000740000000, 0x0000000800000000)
  region size 2048K, 7 young (14336K), 2 survivors (4096K)
 Metaspace       used 55646K, committed 56192K, reserved 1097728K
  class space    used 7321K, committed 7616K, reserved 1048576K
}
Event: 7.239 GC heap after
{Heap after GC invocations=23 (full 0):
 garbage-first heap   total 145408K, used 47335K [0x0000000740000000, 0x0000000800000000)
  region size 2048K, 2 young (4096K), 2 survivors (4096K)
 Metaspace       used 55646K, committed 56192K, reserved 1097728K
  class space    used 7321K, committed 7616K, reserved 1048576K
}
Event: 7.267 GC heap before
{Heap before GC invocations=23 (full 0):
 garbage-first heap   total 145408K, used 61671K [0x0000000740000000, 0x0000000800000000)
  region size 2048K, 4 young (8192K), 2 survivors (4096K)
 Metaspace       used 55648K, committed 56192K, reserved 1097728K
  class space    used 7321K, committed 7616K, reserved 1048576K
}
Event: 7.269 GC heap after
{Heap after GC invocations=24 (full 0):
 garbage-first heap   total 145408K, used 47337K [0x0000000740000000, 0x0000000800000000)
  region size 2048K, 2 young (4096K), 2 survivors (4096K)
 Metaspace       used 55648K, committed 56192K, reserved 1097728K
  class space    used 7321K, committed 7616K, reserved 1048576K
}
Event: 7.345 GC heap before
{Heap before GC invocations=24 (full 0):
 garbage-first heap   total 145408K, used 71913K [0x0000000740000000, 0x0000000800000000)
  region size 2048K, 6 young (12288K), 2 survivors (4096K)
 Metaspace       used 55742K, committed 56320K, reserved 1097728K
  class space    used 7321K, committed 7616K, reserved 1048576K
}
Event: 7.348 GC heap after
{Heap after GC invocations=25 (full 0):
 garbage-first heap   total 145408K, used 47460K [0x0000000740000000, 0x0000000800000000)
  region size 2048K, 2 young (4096K), 2 survivors (4096K)
 Metaspace       used 55742K, committed 56320K, reserved 1097728K
  class space    used 7321K, committed 7616K, reserved 1048576K
}
Event: 7.376 GC heap before
{Heap before GC invocations=25 (full 0):
 garbage-first heap   total 145408K, used 65892K [0x0000000740000000, 0x0000000800000000)
  region size 2048K, 4 young (8192K), 2 survivors (4096K)
 Metaspace       used 55743K, committed 56320K, reserved 1097728K
  class space    used 7321K, committed 7616K, reserved 1048576K
}
Event: 7.379 GC heap after
{Heap after GC invocations=26 (full 0):
 garbage-first heap   total 223232K, used 47383K [0x0000000740000000, 0x0000000800000000)
  region size 2048K, 2 young (4096K), 2 survivors (4096K)
 Metaspace       used 55743K, committed 56320K, reserved 1097728K
  class space    used 7321K, committed 7616K, reserved 1048576K
}

