# JRE version: OpenJDK Runtime Environment Corretto-16.0.2.7.1 (16.0.2+7) (build 16.0.2+7)
# Java VM: OpenJDK 64-Bit Server VM Corretto-16.0.2.7.1 (16.0.2+7, mixed mode, sharing, tiered, compressed oops, compressed class ptrs, g1 gc, windows-amd64)
GC Precious Log:
 CPUs: 12 total, 7 available
 Memory: 16335M
 Large Page Support: Disabled
 NUMA Support: Disabled
 Compressed Oops: Enabled (Zero based)
 Heap Region Size: 2M
 Heap Min Capacity: 8M
 Heap Initial Capacity: 256M
 Heap Max Capacity: 3G
 Pre-touch: Disabled
 Parallel Workers: 7
 Concurrent Workers: 2
 Concurrent Refinement Workers: 7
 Periodic GC: Disabled
Heap:
 garbage-first heap   total 307200K, used 103022K [0x0000000740000000, 0x0000000800000000)
  region size 2048K, 29 young (59392K), 8 survivors (16384K)
 Metaspace       used 61886K, committed 62464K, reserved 1105920K
  class space    used 8192K, committed 8512K, reserved 1048576K
GC Heap History (20 events):
Event: 6.806 GC heap before
{Heap before GC invocations=13 (full 0):
 garbage-first heap   total 81920K, used 61130K [0x0000000740000000, 0x0000000800000000)
  region size 2048K, 12 young (24576K), 2 survivors (4096K)
 Metaspace       used 50283K, committed 50752K, reserved 1097728K
  class space    used 6604K, committed 6848K, reserved 1048576K
}
Event: 6.809 GC heap after
{Heap after GC invocations=14 (full 0):
 garbage-first heap   total 81920K, used 43000K [0x0000000740000000, 0x0000000800000000)
  region size 2048K, 2 young (4096K), 2 survivors (4096K)
 Metaspace       used 50283K, committed 50752K, reserved 1097728K
  class space    used 6604K, committed 6848K, reserved 1048576K
}
Event: 6.939 GC heap before
{Heap before GC invocations=15 (full 0):
 garbage-first heap   total 86016K, used 61432K [0x0000000740000000, 0x0000000800000000)
  region size 2048K, 11 young (22528K), 2 survivors (4096K)
 Metaspace       used 50909K, committed 51456K, reserved 1097728K
  class space    used 6713K, committed 6976K, reserved 1048576K
}
Event: 6.942 GC heap after
{Heap after GC invocations=16 (full 0):
 garbage-first heap   total 86016K, used 44555K [0x0000000740000000, 0x0000000800000000)
  region size 2048K, 2 young (4096K), 2 survivors (4096K)
 Metaspace       used 50909K, committed 51456K, reserved 1097728K
  class space    used 6713K, committed 6976K, reserved 1048576K
}
Event: 7.116 GC heap before
{Heap before GC invocations=16 (full 0):
 garbage-first heap   total 86016K, used 62987K [0x0000000740000000, 0x0000000800000000)
  region size 2048K, 12 young (24576K), 2 survivors (4096K)
 Metaspace       used 52431K, committed 52928K, reserved 1097728K
  class space    used 6932K, committed 7168K, reserved 1048576K
}
Event: 7.120 GC heap after
{Heap after GC invocations=17 (full 0):
 garbage-first heap   total 104448K, used 46028K [0x0000000740000000, 0x0000000800000000)
  region size 2048K, 2 young (4096K), 2 survivors (4096K)
 Metaspace       used 52431K, committed 52928K, reserved 1097728K
  class space    used 6932K, committed 7168K, reserved 1048576K
}
Event: 7.161 GC heap before
{Heap before GC invocations=17 (full 0):
 garbage-first heap   total 104448K, used 50124K [0x0000000740000000, 0x0000000800000000)
  region size 2048K, 3 young (6144K), 2 survivors (4096K)
 Metaspace       used 52687K, committed 53184K, reserved 1097728K
  class space    used 6961K, committed 7232K, reserved 1048576K
}
Event: 7.165 GC heap after
{Heap after GC invocations=18 (full 0):
 garbage-first heap   total 104448K, used 45926K [0x0000000740000000, 0x0000000800000000)
  region size 2048K, 2 young (4096K), 2 survivors (4096K)
 Metaspace       used 52687K, committed 53184K, reserved 1097728K
  class space    used 6961K, committed 7232K, reserved 1048576K
}
Event: 7.176 GC heap before
{Heap before GC invocations=18 (full 0):
 garbage-first heap   total 104448K, used 50022K [0x0000000740000000, 0x0000000800000000)
  region size 2048K, 3 young (6144K), 2 survivors (4096K)
 Metaspace       used 52689K, committed 53184K, reserved 1097728K
  class space    used 6961K, committed 7232K, reserved 1048576K
}
Event: 7.180 GC heap after
{Heap after GC invocations=19 (full 0):
 garbage-first heap   total 104448K, used 46099K [0x0000000740000000, 0x0000000800000000)
  region size 2048K, 2 young (4096K), 2 survivors (4096K)
 Metaspace       used 52689K, committed 53184K, reserved 1097728K
  class space    used 6961K, committed 7232K, reserved 1048576K
}
Event: 7.988 GC heap before
{Heap before GC invocations=19 (full 0):
 garbage-first heap   total 104448K, used 66579K [0x0000000740000000, 0x0000000800000000)
  region size 2048K, 13 young (26624K), 2 survivors (4096K)
 Metaspace       used 54925K, committed 55488K, reserved 1097728K
  class space    used 7238K, committed 7488K, reserved 1048576K
}
Event: 7.993 GC heap after
{Heap after GC invocations=20 (full 0):
 garbage-first heap   total 104448K, used 47631K [0x0000000740000000, 0x0000000800000000)
  region size 2048K, 3 young (6144K), 3 survivors (6144K)
 Metaspace       used 54925K, committed 55488K, reserved 1097728K
  class space    used 7238K, committed 7488K, reserved 1048576K
}
Event: 8.161 GC heap before
{Heap before GC invocations=20 (full 0):
 garbage-first heap   total 104448K, used 76303K [0x0000000740000000, 0x0000000800000000)
  region size 2048K, 9 young (18432K), 3 survivors (6144K)
 Metaspace       used 55202K, committed 55680K, reserved 1097728K
  class space    used 7261K, committed 7488K, reserved 1048576K
}
Event: 8.165 GC heap after
{Heap after GC invocations=21 (full 0):
 garbage-first heap   total 104448K, used 48119K [0x0000000740000000, 0x0000000800000000)
  region size 2048K, 2 young (4096K), 2 survivors (4096K)
 Metaspace       used 55202K, committed 55680K, reserved 1097728K
  class space    used 7261K, committed 7488K, reserved 1048576K
}
Event: 8.233 GC heap before
{Heap before GC invocations=22 (full 0):
 garbage-first heap   total 131072K, used 91127K [0x0000000740000000, 0x0000000800000000)
  region size 2048K, 6 young (12288K), 2 survivors (4096K)
 Metaspace       used 55239K, committed 55744K, reserved 1097728K
  class space    used 7261K, committed 7488K, reserved 1048576K
}
Event: 8.235 GC heap after
{Heap after GC invocations=23 (full 0):
 garbage-first heap   total 131072K, used 48056K [0x0000000740000000, 0x0000000800000000)
  region size 2048K, 2 young (4096K), 2 survivors (4096K)
 Metaspace       used 55239K, committed 55744K, reserved 1097728K
  class space    used 7261K, committed 7488K, reserved 1048576K
}
Event: 8.345 GC heap before
{Heap before GC invocations=23 (full 0):
 garbage-first heap   total 131072K, used 66488K [0x0000000740000000, 0x0000000800000000)
  region size 2048K, 7 young (14336K), 2 survivors (4096K)
 Metaspace       used 55654K, committed 56192K, reserved 1097728K
  class space    used 7316K, committed 7552K, reserved 1048576K
}
Event: 8.350 GC heap after
{Heap after GC invocations=24 (full 0):
 garbage-first heap   total 292864K, used 48443K [0x0000000740000000, 0x0000000800000000)
  region size 2048K, 2 young (4096K), 2 survivors (4096K)
 Metaspace       used 55654K, committed 56192K, reserved 1097728K
  class space    used 7316K, committed 7552K, reserved 1048576K
}
Event: 13.115 GC heap before
{Heap before GC invocations=24 (full 0):
 garbage-first heap   total 292864K, used 286011K [0x0000000740000000, 0x0000000800000000)
  region size 2048K, 85 young (174080K), 2 survivors (4096K)
 Metaspace       used 61289K, committed 61888K, reserved 1105920K
  class space    used 8131K, committed 8448K, reserved 1048576K
}
Event: 13.129 GC heap after
{Heap after GC invocations=25 (full 0):
 garbage-first heap   total 307200K, used 62062K [0x0000000740000000, 0x0000000800000000)
  region size 2048K, 8 young (16384K), 8 survivors (16384K)
 Metaspace       used 61289K, committed 61888K, reserved 1105920K
  class space    used 8131K, committed 8448K, reserved 1048576K
}

