# JRE version: OpenJDK Runtime Environment Corretto-16.0.2.7.1 (16.0.2+7) (build 16.0.2+7)
# Java VM: OpenJDK 64-Bit Server VM Corretto-16.0.2.7.1 (16.0.2+7, mixed mode, sharing, tiered, compressed oops, compressed class ptrs, g1 gc, windows-amd64)
GC Precious Log:
 CPUs: 12 total, 12 available
 Memory: 16335M
 Large Page Support: Disabled
 NUMA Support: Disabled
 Compressed Oops: Enabled (Zero based)
 Heap Region Size: 2M
 Heap Min Capacity: 8M
 Heap Initial Capacity: 256M
 Heap Max Capacity: 3G
 Pre-touch: Disabled
 Parallel Workers: 10
 Concurrent Workers: 3
 Concurrent Refinement Workers: 10
 Periodic GC: Disabled
Heap:
 garbage-first heap   total 233472K, used 120035K [0x0000000740000000, 0x0000000800000000)
  region size 2048K, 39 young (79872K), 9 survivors (18432K)
 Metaspace       used 62008K, committed 62656K, reserved 1105920K
  class space    used 8201K, committed 8512K, reserved 1048576K
GC Heap History (20 events):
Event: 6.610 GC heap before
{Heap before GC invocations=12 (full 0):
 garbage-first heap   total 81920K, used 62604K [0x0000000740000000, 0x0000000800000000)
  region size 2048K, 13 young (26624K), 2 survivors (4096K)
 Metaspace       used 50788K, committed 51264K, reserved 1097728K
  class space    used 6679K, committed 6912K, reserved 1048576K
}
Event: 6.614 GC heap after
{Heap after GC invocations=13 (full 0):
 garbage-first heap   total 98304K, used 42970K [0x0000000740000000, 0x0000000800000000)
  region size 2048K, 2 young (4096K), 2 survivors (4096K)
 Metaspace       used 50788K, committed 51264K, reserved 1097728K
  class space    used 6679K, committed 6912K, reserved 1048576K
}
Event: 6.939 GC heap before
{Heap before GC invocations=14 (full 0):
 garbage-first heap   total 98304K, used 77786K [0x0000000740000000, 0x0000000800000000)
  region size 2048K, 18 young (36864K), 2 survivors (4096K)
 Metaspace       used 52659K, committed 53184K, reserved 1097728K
  class space    used 6949K, committed 7232K, reserved 1048576K
}
Event: 6.942 GC heap after
{Heap after GC invocations=15 (full 0):
 garbage-first heap   total 98304K, used 45183K [0x0000000740000000, 0x0000000800000000)
  region size 2048K, 3 young (6144K), 3 survivors (6144K)
 Metaspace       used 52659K, committed 53184K, reserved 1097728K
  class space    used 6949K, committed 7232K, reserved 1048576K
}
Event: 6.955 GC heap before
{Heap before GC invocations=15 (full 0):
 garbage-first heap   total 98304K, used 49279K [0x0000000740000000, 0x0000000800000000)
  region size 2048K, 4 young (8192K), 3 survivors (6144K)
 Metaspace       used 52681K, committed 53184K, reserved 1097728K
  class space    used 6952K, committed 7232K, reserved 1048576K
}
Event: 6.959 GC heap after
{Heap after GC invocations=16 (full 0):
 garbage-first heap   total 98304K, used 45321K [0x0000000740000000, 0x0000000800000000)
  region size 2048K, 2 young (4096K), 2 survivors (4096K)
 Metaspace       used 52681K, committed 53184K, reserved 1097728K
  class space    used 6952K, committed 7232K, reserved 1048576K
}
Event: 7.521 GC heap before
{Heap before GC invocations=16 (full 0):
 garbage-first heap   total 98304K, used 63753K [0x0000000740000000, 0x0000000800000000)
  region size 2048K, 12 young (24576K), 2 survivors (4096K)
 Metaspace       used 54874K, committed 55360K, reserved 1097728K
  class space    used 7227K, committed 7488K, reserved 1048576K
}
Event: 7.525 GC heap after
{Heap after GC invocations=17 (full 0):
 garbage-first heap   total 98304K, used 46875K [0x0000000740000000, 0x0000000800000000)
  region size 2048K, 3 young (6144K), 3 survivors (6144K)
 Metaspace       used 54874K, committed 55360K, reserved 1097728K
  class space    used 7227K, committed 7488K, reserved 1048576K
}
Event: 7.690 GC heap before
{Heap before GC invocations=17 (full 0):
 garbage-first heap   total 98304K, used 73499K [0x0000000740000000, 0x0000000800000000)
  region size 2048K, 8 young (16384K), 3 survivors (6144K)
 Metaspace       used 55147K, committed 55680K, reserved 1097728K
  class space    used 7249K, committed 7488K, reserved 1048576K
}
Event: 7.694 GC heap after
{Heap after GC invocations=18 (full 0):
 garbage-first heap   total 98304K, used 47271K [0x0000000740000000, 0x0000000800000000)
  region size 2048K, 2 young (4096K), 2 survivors (4096K)
 Metaspace       used 55147K, committed 55680K, reserved 1097728K
  class space    used 7249K, committed 7488K, reserved 1048576K
}
Event: 7.786 GC heap before
{Heap before GC invocations=19 (full 0):
 garbage-first heap   total 122880K, used 90279K [0x0000000740000000, 0x0000000800000000)
  region size 2048K, 6 young (12288K), 2 survivors (4096K)
 Metaspace       used 55175K, committed 55680K, reserved 1097728K
  class space    used 7250K, committed 7488K, reserved 1048576K
}
Event: 7.788 GC heap after
{Heap after GC invocations=20 (full 0):
 garbage-first heap   total 122880K, used 47039K [0x0000000740000000, 0x0000000800000000)
  region size 2048K, 1 young (2048K), 1 survivors (2048K)
 Metaspace       used 55175K, committed 55680K, reserved 1097728K
  class space    used 7250K, committed 7488K, reserved 1048576K
}
Event: 7.919 GC heap before
{Heap before GC invocations=20 (full 0):
 garbage-first heap   total 122880K, used 61375K [0x0000000740000000, 0x0000000800000000)
  region size 2048K, 5 young (10240K), 1 survivors (2048K)
 Metaspace       used 55611K, committed 56128K, reserved 1097728K
  class space    used 7307K, committed 7552K, reserved 1048576K
}
Event: 7.922 GC heap after
{Heap after GC invocations=21 (full 0):
 garbage-first heap   total 122880K, used 47397K [0x0000000740000000, 0x0000000800000000)
  region size 2048K, 2 young (4096K), 2 survivors (4096K)
 Metaspace       used 55611K, committed 56128K, reserved 1097728K
  class space    used 7307K, committed 7552K, reserved 1048576K
}
Event: 7.935 GC heap before
{Heap before GC invocations=21 (full 0):
 garbage-first heap   total 122880K, used 55589K [0x0000000740000000, 0x0000000800000000)
  region size 2048K, 4 young (8192K), 2 survivors (4096K)
 Metaspace       used 55612K, committed 56128K, reserved 1097728K
  class space    used 7307K, committed 7552K, reserved 1048576K
}
Event: 7.938 GC heap after
{Heap after GC invocations=22 (full 0):
 garbage-first heap   total 233472K, used 47333K [0x0000000740000000, 0x0000000800000000)
  region size 2048K, 2 young (4096K), 2 survivors (4096K)
 Metaspace       used 55612K, committed 56128K, reserved 1097728K
  class space    used 7307K, committed 7552K, reserved 1048576K
}
Event: 8.083 GC heap before
{Heap before GC invocations=22 (full 0):
 garbage-first heap   total 233472K, used 119013K [0x0000000740000000, 0x0000000800000000)
  region size 2048K, 11 young (22528K), 2 survivors (4096K)
 Metaspace       used 55727K, committed 56256K, reserved 1097728K
  class space    used 7307K, committed 7552K, reserved 1048576K
}
Event: 8.086 GC heap after
{Heap after GC invocations=23 (full 0):
 garbage-first heap   total 233472K, used 47342K [0x0000000740000000, 0x0000000800000000)
  region size 2048K, 2 young (4096K), 2 survivors (4096K)
 Metaspace       used 55727K, committed 56256K, reserved 1097728K
  class space    used 7307K, committed 7552K, reserved 1048576K
}
Event: 11.516 GC heap before
{Heap before GC invocations=23 (full 0):
 garbage-first heap   total 233472K, used 188654K [0x0000000740000000, 0x0000000800000000)
  region size 2048K, 68 young (139264K), 2 survivors (4096K)
 Metaspace       used 60729K, committed 61248K, reserved 1105920K
  class space    used 8056K, committed 8320K, reserved 1048576K
}
Event: 11.532 GC heap after
{Heap after GC invocations=24 (full 0):
 garbage-first heap   total 233472K, used 62691K [0x0000000740000000, 0x0000000800000000)
  region size 2048K, 9 young (18432K), 9 survivors (18432K)
 Metaspace       used 60729K, committed 61248K, reserved 1105920K
  class space    used 8056K, committed 8320K, reserved 1048576K
}

