# JRE version: OpenJDK Runtime Environment Corretto-16.0.2.7.1 (16.0.2+7) (build 16.0.2+7)
# Java VM: OpenJDK 64-Bit Server VM Corretto-16.0.2.7.1 (16.0.2+7, mixed mode, sharing, tiered, compressed oops, compressed class ptrs, g1 gc, windows-amd64)
GC Precious Log:
 CPUs: 12 total, 12 available
 Memory: 16335M
 Large Page Support: Disabled
 NUMA Support: Disabled
 Compressed Oops: Enabled (Zero based)
 Heap Region Size: 2M
 Heap Min Capacity: 8M
 Heap Initial Capacity: 256M
 Heap Max Capacity: 3G
 Pre-touch: Disabled
 Parallel Workers: 10
 Concurrent Workers: 3
 Concurrent Refinement Workers: 10
 Periodic GC: Disabled
Heap:
 garbage-first heap   total 186368K, used 88615K [0x0000000740000000, 0x0000000800000000)
  region size 2048K, 23 young (47104K), 5 survivors (10240K)
 Metaspace       used 61294K, committed 61888K, reserved 1105920K
  class space    used 8032K, committed 8320K, reserved 1048576K
GC Heap History (20 events):
Event: 7.251 GC heap before
{Heap before GC invocations=15 (full 0):
 garbage-first heap   total 81920K, used 60573K [0x0000000740000000, 0x0000000800000000)
  region size 2048K, 11 young (22528K), 2 survivors (4096K)
 Metaspace       used 52996K, committed 53440K, reserved 1097728K
  class space    used 6959K, committed 7168K, reserved 1048576K
}
Event: 7.255 GC heap after
{Heap after GC invocations=16 (full 0):
 garbage-first heap   total 98304K, used 45573K [0x0000000740000000, 0x0000000800000000)
  region size 2048K, 1 young (2048K), 1 survivors (2048K)
 Metaspace       used 52996K, committed 53440K, reserved 1097728K
  class space    used 6959K, committed 7168K, reserved 1048576K
}
Event: 7.309 GC heap before
{Heap before GC invocations=17 (full 0):
 garbage-first heap   total 98304K, used 49669K [0x0000000740000000, 0x0000000800000000)
  region size 2048K, 2 young (4096K), 1 survivors (2048K)
 Metaspace       used 53250K, committed 53632K, reserved 1097728K
  class space    used 6989K, committed 7168K, reserved 1048576K
}
Event: 7.311 GC heap after
{Heap after GC invocations=18 (full 0):
 garbage-first heap   total 98304K, used 45439K [0x0000000740000000, 0x0000000800000000)
  region size 2048K, 1 young (2048K), 1 survivors (2048K)
 Metaspace       used 53250K, committed 53632K, reserved 1097728K
  class space    used 6989K, committed 7168K, reserved 1048576K
}
Event: 7.895 GC heap before
{Heap before GC invocations=19 (full 0):
 garbage-first heap   total 98304K, used 67967K [0x0000000740000000, 0x0000000800000000)
  region size 2048K, 11 young (22528K), 1 survivors (2048K)
 Metaspace       used 55450K, committed 56000K, reserved 1097728K
  class space    used 7264K, committed 7552K, reserved 1048576K
}
Event: 7.899 GC heap after
{Heap after GC invocations=20 (full 0):
 garbage-first heap   total 98304K, used 47001K [0x0000000740000000, 0x0000000800000000)
  region size 2048K, 2 young (4096K), 2 survivors (4096K)
 Metaspace       used 55450K, committed 56000K, reserved 1097728K
  class space    used 7264K, committed 7552K, reserved 1048576K
}
Event: 8.051 GC heap before
{Heap before GC invocations=21 (full 0):
 garbage-first heap   total 116736K, used 71577K [0x0000000740000000, 0x0000000800000000)
  region size 2048K, 6 young (12288K), 2 survivors (4096K)
 Metaspace       used 55707K, committed 56192K, reserved 1105920K
  class space    used 7282K, committed 7552K, reserved 1048576K
}
Event: 8.055 GC heap after
{Heap after GC invocations=22 (full 0):
 garbage-first heap   total 116736K, used 47350K [0x0000000740000000, 0x0000000800000000)
  region size 2048K, 2 young (4096K), 2 survivors (4096K)
 Metaspace       used 55707K, committed 56192K, reserved 1105920K
  class space    used 7282K, committed 7552K, reserved 1048576K
}
Event: 8.094 GC heap before
{Heap before GC invocations=22 (full 0):
 garbage-first heap   total 116736K, used 71926K [0x0000000740000000, 0x0000000800000000)
  region size 2048K, 6 young (12288K), 2 survivors (4096K)
 Metaspace       used 55746K, committed 56320K, reserved 1105920K
  class space    used 7282K, committed 7552K, reserved 1048576K
}
Event: 8.096 GC heap after
{Heap after GC invocations=23 (full 0):
 garbage-first heap   total 116736K, used 47388K [0x0000000740000000, 0x0000000800000000)
  region size 2048K, 2 young (4096K), 2 survivors (4096K)
 Metaspace       used 55746K, committed 56320K, reserved 1105920K
  class space    used 7282K, committed 7552K, reserved 1048576K
}
Event: 8.122 GC heap before
{Heap before GC invocations=23 (full 0):
 garbage-first heap   total 116736K, used 65820K [0x0000000740000000, 0x0000000800000000)
  region size 2048K, 3 young (6144K), 2 survivors (4096K)
 Metaspace       used 55749K, committed 56320K, reserved 1105920K
  class space    used 7283K, committed 7552K, reserved 1048576K
}
Event: 8.124 GC heap after
{Heap after GC invocations=24 (full 0):
 garbage-first heap   total 116736K, used 47268K [0x0000000740000000, 0x0000000800000000)
  region size 2048K, 2 young (4096K), 2 survivors (4096K)
 Metaspace       used 55749K, committed 56320K, reserved 1105920K
  class space    used 7283K, committed 7552K, reserved 1048576K
}
Event: 8.231 GC heap before
{Heap before GC invocations=24 (full 0):
 garbage-first heap   total 116736K, used 61604K [0x0000000740000000, 0x0000000800000000)
  region size 2048K, 6 young (12288K), 2 survivors (4096K)
 Metaspace       used 56192K, committed 56704K, reserved 1105920K
  class space    used 7339K, committed 7616K, reserved 1048576K
}
Event: 8.234 GC heap after
{Heap after GC invocations=25 (full 0):
 garbage-first heap   total 116736K, used 47687K [0x0000000740000000, 0x0000000800000000)
  region size 2048K, 2 young (4096K), 2 survivors (4096K)
 Metaspace       used 56192K, committed 56704K, reserved 1105920K
  class space    used 7339K, committed 7616K, reserved 1048576K
}
Event: 8.248 GC heap before
{Heap before GC invocations=25 (full 0):
 garbage-first heap   total 116736K, used 55879K [0x0000000740000000, 0x0000000800000000)
  region size 2048K, 4 young (8192K), 2 survivors (4096K)
 Metaspace       used 56193K, committed 56704K, reserved 1105920K
  class space    used 7339K, committed 7616K, reserved 1048576K
}
Event: 8.252 GC heap after
{Heap after GC invocations=26 (full 0):
 garbage-first heap   total 176128K, used 47868K [0x0000000740000000, 0x0000000800000000)
  region size 2048K, 2 young (4096K), 2 survivors (4096K)
 Metaspace       used 56193K, committed 56704K, reserved 1105920K
  class space    used 7339K, committed 7616K, reserved 1048576K
}
Event: 8.349 GC heap before
{Heap before GC invocations=26 (full 0):
 garbage-first heap   total 176128K, used 90876K [0x0000000740000000, 0x0000000800000000)
  region size 2048K, 8 young (16384K), 2 survivors (4096K)
 Metaspace       used 56296K, committed 56832K, reserved 1105920K
  class space    used 7340K, committed 7616K, reserved 1048576K
}
Event: 8.354 GC heap after
{Heap after GC invocations=27 (full 0):
 garbage-first heap   total 176128K, used 47783K [0x0000000740000000, 0x0000000800000000)
  region size 2048K, 2 young (4096K), 2 survivors (4096K)
 Metaspace       used 56296K, committed 56832K, reserved 1105920K
  class space    used 7340K, committed 7616K, reserved 1048576K
}
Event: 18.282 GC heap before
{Heap before GC invocations=27 (full 0):
 garbage-first heap   total 176128K, used 172711K [0x0000000740000000, 0x0000000800000000)
  region size 2048K, 49 young (100352K), 2 survivors (4096K)
 Metaspace       used 60370K, committed 60928K, reserved 1105920K
  class space    used 7937K, committed 8192K, reserved 1048576K
}
Event: 18.290 GC heap after
{Heap after GC invocations=28 (full 0):
 garbage-first heap   total 186368K, used 53799K [0x0000000740000000, 0x0000000800000000)
  region size 2048K, 5 young (10240K), 5 survivors (10240K)
 Metaspace       used 60370K, committed 60928K, reserved 1105920K
  class space    used 7937K, committed 8192K, reserved 1048576K
}

