# JRE version: OpenJDK Runtime Environment Corretto-16.0.2.7.1 (16.0.2+7) (build 16.0.2+7)
# Java VM: OpenJDK 64-Bit Server VM Corretto-16.0.2.7.1 (16.0.2+7, mixed mode, sharing, tiered, compressed oops, compressed class ptrs, g1 gc, windows-amd64)
GC Precious Log:
 CPUs: 12 total, 12 available
 Memory: 16335M
 Large Page Support: Disabled
 NUMA Support: Disabled
 Compressed Oops: Enabled (Zero based)
 Heap Region Size: 2M
 Heap Min Capacity: 8M
 Heap Initial Capacity: 256M
 Heap Max Capacity: 3G
 Pre-touch: Disabled
 Parallel Workers: 10
 Concurrent Workers: 3
 Concurrent Refinement Workers: 10
 Periodic GC: Disabled
Heap:
 garbage-first heap   total 192512K, used 76596K [0x0000000740000000, 0x0000000800000000)
  region size 2048K, 17 young (34816K), 5 survivors (10240K)
 Metaspace       used 60861K, committed 61440K, reserved 1105920K
  class space    used 7977K, committed 8256K, reserved 1048576K
GC Heap History (20 events):
Event: 8.655 GC heap before
{Heap before GC invocations=15 (full 0):
 garbage-first heap   total 81920K, used 60883K [0x0000000740000000, 0x0000000800000000)
  region size 2048K, 11 young (22528K), 2 survivors (4096K)
 Metaspace       used 52999K, committed 53504K, reserved 1097728K
  class space    used 6953K, committed 7168K, reserved 1048576K
}
Event: 8.658 GC heap after
{Heap after GC invocations=16 (full 0):
 garbage-first heap   total 98304K, used 45629K [0x0000000740000000, 0x0000000800000000)
  region size 2048K, 1 young (2048K), 1 survivors (2048K)
 Metaspace       used 52999K, committed 53504K, reserved 1097728K
  class space    used 6953K, committed 7168K, reserved 1048576K
}
Event: 8.722 GC heap before
{Heap before GC invocations=17 (full 0):
 garbage-first heap   total 98304K, used 49725K [0x0000000740000000, 0x0000000800000000)
  region size 2048K, 2 young (4096K), 1 survivors (2048K)
 Metaspace       used 53249K, committed 53760K, reserved 1097728K
  class space    used 6981K, committed 7232K, reserved 1048576K
}
Event: 8.725 GC heap after
{Heap after GC invocations=18 (full 0):
 garbage-first heap   total 98304K, used 45676K [0x0000000740000000, 0x0000000800000000)
  region size 2048K, 1 young (2048K), 1 survivors (2048K)
 Metaspace       used 53249K, committed 53760K, reserved 1097728K
  class space    used 6981K, committed 7232K, reserved 1048576K
}
Event: 9.377 GC heap before
{Heap before GC invocations=19 (full 0):
 garbage-first heap   total 98304K, used 68204K [0x0000000740000000, 0x0000000800000000)
  region size 2048K, 11 young (22528K), 1 survivors (2048K)
 Metaspace       used 55442K, committed 55936K, reserved 1097728K
  class space    used 7256K, committed 7488K, reserved 1048576K
}
Event: 9.382 GC heap after
{Heap after GC invocations=20 (full 0):
 garbage-first heap   total 98304K, used 47176K [0x0000000740000000, 0x0000000800000000)
  region size 2048K, 2 young (4096K), 2 survivors (4096K)
 Metaspace       used 55442K, committed 55936K, reserved 1097728K
  class space    used 7256K, committed 7488K, reserved 1048576K
}
Event: 9.549 GC heap before
{Heap before GC invocations=21 (full 0):
 garbage-first heap   total 116736K, used 73800K [0x0000000740000000, 0x0000000800000000)
  region size 2048K, 7 young (14336K), 2 survivors (4096K)
 Metaspace       used 55682K, committed 56128K, reserved 1105920K
  class space    used 7273K, committed 7488K, reserved 1048576K
}
Event: 9.552 GC heap after
{Heap after GC invocations=22 (full 0):
 garbage-first heap   total 116736K, used 47583K [0x0000000740000000, 0x0000000800000000)
  region size 2048K, 2 young (4096K), 2 survivors (4096K)
 Metaspace       used 55682K, committed 56128K, reserved 1105920K
  class space    used 7273K, committed 7488K, reserved 1048576K
}
Event: 9.588 GC heap before
{Heap before GC invocations=22 (full 0):
 garbage-first heap   total 116736K, used 72159K [0x0000000740000000, 0x0000000800000000)
  region size 2048K, 6 young (12288K), 2 survivors (4096K)
 Metaspace       used 55713K, committed 56128K, reserved 1105920K
  class space    used 7273K, committed 7488K, reserved 1048576K
}
Event: 9.591 GC heap after
{Heap after GC invocations=23 (full 0):
 garbage-first heap   total 116736K, used 47584K [0x0000000740000000, 0x0000000800000000)
  region size 2048K, 2 young (4096K), 2 survivors (4096K)
 Metaspace       used 55713K, committed 56128K, reserved 1105920K
  class space    used 7273K, committed 7488K, reserved 1048576K
}
Event: 9.619 GC heap before
{Heap before GC invocations=23 (full 0):
 garbage-first heap   total 116736K, used 66016K [0x0000000740000000, 0x0000000800000000)
  region size 2048K, 3 young (6144K), 2 survivors (4096K)
 Metaspace       used 55716K, committed 56192K, reserved 1105920K
  class space    used 7273K, committed 7488K, reserved 1048576K
}
Event: 9.622 GC heap after
{Heap after GC invocations=24 (full 0):
 garbage-first heap   total 116736K, used 47639K [0x0000000740000000, 0x0000000800000000)
  region size 2048K, 2 young (4096K), 2 survivors (4096K)
 Metaspace       used 55716K, committed 56192K, reserved 1105920K
  class space    used 7273K, committed 7488K, reserved 1048576K
}
Event: 9.766 GC heap before
{Heap before GC invocations=24 (full 0):
 garbage-first heap   total 116736K, used 61975K [0x0000000740000000, 0x0000000800000000)
  region size 2048K, 6 young (12288K), 2 survivors (4096K)
 Metaspace       used 56160K, committed 56640K, reserved 1105920K
  class space    used 7332K, committed 7552K, reserved 1048576K
}
Event: 9.771 GC heap after
{Heap after GC invocations=25 (full 0):
 garbage-first heap   total 116736K, used 47901K [0x0000000740000000, 0x0000000800000000)
  region size 2048K, 2 young (4096K), 2 survivors (4096K)
 Metaspace       used 56160K, committed 56640K, reserved 1105920K
  class space    used 7332K, committed 7552K, reserved 1048576K
}
Event: 9.784 GC heap before
{Heap before GC invocations=25 (full 0):
 garbage-first heap   total 116736K, used 56093K [0x0000000740000000, 0x0000000800000000)
  region size 2048K, 4 young (8192K), 2 survivors (4096K)
 Metaspace       used 56161K, committed 56640K, reserved 1105920K
  class space    used 7332K, committed 7552K, reserved 1048576K
}
Event: 9.788 GC heap after
{Heap after GC invocations=26 (full 0):
 garbage-first heap   total 188416K, used 48046K [0x0000000740000000, 0x0000000800000000)
  region size 2048K, 2 young (4096K), 2 survivors (4096K)
 Metaspace       used 56161K, committed 56640K, reserved 1105920K
  class space    used 7332K, committed 7552K, reserved 1048576K
}
Event: 9.922 GC heap before
{Heap before GC invocations=26 (full 0):
 garbage-first heap   total 188416K, used 97198K [0x0000000740000000, 0x0000000800000000)
  region size 2048K, 9 young (18432K), 2 survivors (4096K)
 Metaspace       used 56279K, committed 56768K, reserved 1105920K
  class space    used 7333K, committed 7552K, reserved 1048576K
}
Event: 9.927 GC heap after
{Heap after GC invocations=27 (full 0):
 garbage-first heap   total 188416K, used 47922K [0x0000000740000000, 0x0000000800000000)
  region size 2048K, 2 young (4096K), 2 survivors (4096K)
 Metaspace       used 56279K, committed 56768K, reserved 1105920K
  class space    used 7333K, committed 7552K, reserved 1048576K
}
Event: 12.143 GC heap before
{Heap before GC invocations=27 (full 0):
 garbage-first heap   total 188416K, used 176946K [0x0000000740000000, 0x0000000800000000)
  region size 2048K, 53 young (108544K), 2 survivors (4096K)
 Metaspace       used 60109K, committed 60672K, reserved 1105920K
  class space    used 7898K, committed 8192K, reserved 1048576K
}
Event: 12.151 GC heap after
{Heap after GC invocations=28 (full 0):
 garbage-first heap   total 192512K, used 54068K [0x0000000740000000, 0x0000000800000000)
  region size 2048K, 5 young (10240K), 5 survivors (10240K)
 Metaspace       used 60109K, committed 60672K, reserved 1105920K
  class space    used 7898K, committed 8192K, reserved 1048576K
}

