# JRE version: OpenJDK Runtime Environment Corretto-16.0.2.7.1 (16.0.2+7) (build 16.0.2+7)
# Java VM: OpenJDK 64-Bit Server VM Corretto-16.0.2.7.1 (16.0.2+7, mixed mode, sharing, tiered, compressed oops, compressed class ptrs, g1 gc, windows-amd64)
GC Precious Log:
 CPUs: 12 total, 12 available
 Memory: 16335M
 Large Page Support: Disabled
 NUMA Support: Disabled
 Compressed Oops: Enabled (Zero based)
 Heap Region Size: 2M
 Heap Min Capacity: 8M
 Heap Initial Capacity: 256M
 Heap Max Capacity: 3G
 Pre-touch: Disabled
 Parallel Workers: 10
 Concurrent Workers: 3
 Concurrent Refinement Workers: 10
 Periodic GC: Disabled
Heap:
 garbage-first heap   total 215040K, used 176472K [0x0000000740000000, 0x0000000800000000)
  region size 2048K, 58 young (118784K), 2 survivors (4096K)
 Metaspace       used 60459K, committed 61056K, reserved 1105920K
  class space    used 7969K, committed 8256K, reserved 1048576K
GC Heap History (20 events):
Event: 5.963 GC heap before
{Heap before GC invocations=11 (full 0):
 garbage-first heap   total 81920K, used 62369K [0x0000000740000000, 0x0000000800000000)
  region size 2048K, 15 young (30720K), 3 survivors (6144K)
 Metaspace       used 49702K, committed 50176K, reserved 1097728K
  class space    used 6495K, committed 6720K, reserved 1048576K
}
Event: 5.971 GC heap after
{Heap after GC invocations=12 (full 0):
 garbage-first heap   total 81920K, used 40062K [0x0000000740000000, 0x0000000800000000)
  region size 2048K, 2 young (4096K), 2 survivors (4096K)
 Metaspace       used 49702K, committed 50176K, reserved 1097728K
  class space    used 6495K, committed 6720K, reserved 1048576K
}
Event: 6.171 GC heap before
{Heap before GC invocations=12 (full 0):
 garbage-first heap   total 81920K, used 62590K [0x0000000740000000, 0x0000000800000000)
  region size 2048K, 13 young (26624K), 2 survivors (4096K)
 Metaspace       used 50715K, committed 51200K, reserved 1097728K
  class space    used 6665K, committed 6912K, reserved 1048576K
}
Event: 6.175 GC heap after
{Heap after GC invocations=13 (full 0):
 garbage-first heap   total 98304K, used 42476K [0x0000000740000000, 0x0000000800000000)
  region size 2048K, 2 young (4096K), 2 survivors (4096K)
 Metaspace       used 50715K, committed 51200K, reserved 1097728K
  class space    used 6665K, committed 6912K, reserved 1048576K
}
Event: 6.476 GC heap before
{Heap before GC invocations=14 (full 0):
 garbage-first heap   total 98304K, used 79340K [0x0000000740000000, 0x0000000800000000)
  region size 2048K, 18 young (36864K), 2 survivors (4096K)
 Metaspace       used 52550K, committed 53056K, reserved 1097728K
  class space    used 6934K, committed 7168K, reserved 1048576K
}
Event: 6.481 GC heap after
{Heap after GC invocations=15 (full 0):
 garbage-first heap   total 98304K, used 45112K [0x0000000740000000, 0x0000000800000000)
  region size 2048K, 3 young (6144K), 3 survivors (6144K)
 Metaspace       used 52550K, committed 53056K, reserved 1097728K
  class space    used 6934K, committed 7168K, reserved 1048576K
}
Event: 6.508 GC heap before
{Heap before GC invocations=15 (full 0):
 garbage-first heap   total 98304K, used 49208K [0x0000000740000000, 0x0000000800000000)
  region size 2048K, 4 young (8192K), 3 survivors (6144K)
 Metaspace       used 52674K, committed 53184K, reserved 1097728K
  class space    used 6950K, committed 7232K, reserved 1048576K
}
Event: 6.512 GC heap after
{Heap after GC invocations=16 (full 0):
 garbage-first heap   total 98304K, used 45190K [0x0000000740000000, 0x0000000800000000)
  region size 2048K, 2 young (4096K), 2 survivors (4096K)
 Metaspace       used 52674K, committed 53184K, reserved 1097728K
  class space    used 6950K, committed 7232K, reserved 1048576K
}
Event: 7.546 GC heap before
{Heap before GC invocations=16 (full 0):
 garbage-first heap   total 98304K, used 65670K [0x0000000740000000, 0x0000000800000000)
  region size 2048K, 13 young (26624K), 2 survivors (4096K)
 Metaspace       used 54912K, committed 55488K, reserved 1097728K
  class space    used 7225K, committed 7488K, reserved 1048576K
}
Event: 7.550 GC heap after
{Heap after GC invocations=17 (full 0):
 garbage-first heap   total 98304K, used 46955K [0x0000000740000000, 0x0000000800000000)
  region size 2048K, 3 young (6144K), 3 survivors (6144K)
 Metaspace       used 54912K, committed 55488K, reserved 1097728K
  class space    used 7225K, committed 7488K, reserved 1048576K
}
Event: 7.710 GC heap before
{Heap before GC invocations=17 (full 0):
 garbage-first heap   total 98304K, used 71531K [0x0000000740000000, 0x0000000800000000)
  region size 2048K, 7 young (14336K), 3 survivors (6144K)
 Metaspace       used 55182K, committed 55680K, reserved 1097728K
  class space    used 7248K, committed 7488K, reserved 1048576K
}
Event: 7.713 GC heap after
{Heap after GC invocations=18 (full 0):
 garbage-first heap   total 98304K, used 47356K [0x0000000740000000, 0x0000000800000000)
  region size 2048K, 2 young (4096K), 2 survivors (4096K)
 Metaspace       used 55182K, committed 55680K, reserved 1097728K
  class space    used 7248K, committed 7488K, reserved 1048576K
}
Event: 7.781 GC heap before
{Heap before GC invocations=19 (full 0):
 garbage-first heap   total 122880K, used 88316K [0x0000000740000000, 0x0000000800000000)
  region size 2048K, 5 young (10240K), 2 survivors (4096K)
 Metaspace       used 55231K, committed 55744K, reserved 1097728K
  class space    used 7249K, committed 7488K, reserved 1048576K
}
Event: 7.783 GC heap after
{Heap after GC invocations=20 (full 0):
 garbage-first heap   total 122880K, used 47116K [0x0000000740000000, 0x0000000800000000)
  region size 2048K, 2 young (4096K), 2 survivors (4096K)
 Metaspace       used 55231K, committed 55744K, reserved 1097728K
  class space    used 7249K, committed 7488K, reserved 1048576K
}
Event: 7.896 GC heap before
{Heap before GC invocations=20 (full 0):
 garbage-first heap   total 122880K, used 61452K [0x0000000740000000, 0x0000000800000000)
  region size 2048K, 6 young (12288K), 2 survivors (4096K)
 Metaspace       used 55651K, committed 56192K, reserved 1097728K
  class space    used 7305K, committed 7552K, reserved 1048576K
}
Event: 7.899 GC heap after
{Heap after GC invocations=21 (full 0):
 garbage-first heap   total 122880K, used 47376K [0x0000000740000000, 0x0000000800000000)
  region size 2048K, 2 young (4096K), 2 survivors (4096K)
 Metaspace       used 55651K, committed 56192K, reserved 1097728K
  class space    used 7305K, committed 7552K, reserved 1048576K
}
Event: 7.913 GC heap before
{Heap before GC invocations=21 (full 0):
 garbage-first heap   total 122880K, used 55568K [0x0000000740000000, 0x0000000800000000)
  region size 2048K, 4 young (8192K), 2 survivors (4096K)
 Metaspace       used 55652K, committed 56192K, reserved 1097728K
  class space    used 7305K, committed 7552K, reserved 1048576K
}
Event: 7.916 GC heap after
{Heap after GC invocations=22 (full 0):
 garbage-first heap   total 215040K, used 47414K [0x0000000740000000, 0x0000000800000000)
  region size 2048K, 2 young (4096K), 2 survivors (4096K)
 Metaspace       used 55652K, committed 56192K, reserved 1097728K
  class space    used 7305K, committed 7552K, reserved 1048576K
}
Event: 8.049 GC heap before
{Heap before GC invocations=22 (full 0):
 garbage-first heap   total 215040K, used 106806K [0x0000000740000000, 0x0000000800000000)
  region size 2048K, 9 young (18432K), 2 survivors (4096K)
 Metaspace       used 55776K, committed 56256K, reserved 1097728K
  class space    used 7306K, committed 7552K, reserved 1048576K
}
Event: 8.052 GC heap after
{Heap after GC invocations=23 (full 0):
 garbage-first heap   total 215040K, used 47448K [0x0000000740000000, 0x0000000800000000)
  region size 2048K, 2 young (4096K), 2 survivors (4096K)
 Metaspace       used 55776K, committed 56256K, reserved 1097728K
  class space    used 7306K, committed 7552K, reserved 1048576K
}

