# JRE version: OpenJDK Runtime Environment Corretto-16.0.2.7.1 (16.0.2+7) (build 16.0.2+7)
# Java VM: OpenJDK 64-Bit Server VM Corretto-16.0.2.7.1 (16.0.2+7, mixed mode, sharing, tiered, compressed oops, compressed class ptrs, g1 gc, windows-amd64)
GC Precious Log:
 CPUs: 12 total, 12 available
 Memory: 16335M
 Large Page Support: Disabled
 NUMA Support: Disabled
 Compressed Oops: Enabled (Zero based)
 Heap Region Size: 2M
 Heap Min Capacity: 8M
 Heap Initial Capacity: 256M
 Heap Max Capacity: 3G
 Pre-touch: Disabled
 Parallel Workers: 10
 Concurrent Workers: 3
 Concurrent Refinement Workers: 10
 Periodic GC: Disabled
Heap:
 garbage-first heap   total 253952K, used 68614K [0x0000000740000000, 0x0000000800000000)
  region size 2048K, 6 young (12288K), 3 survivors (6144K)
 Metaspace       used 61841K, committed 62464K, reserved 1105920K
  class space    used 8173K, committed 8448K, reserved 1048576K
GC Heap History (20 events):
Event: 6.390 GC heap before
{Heap before GC invocations=12 (full 0):
 garbage-first heap   total 98304K, used 71083K [0x0000000740000000, 0x0000000800000000)
  region size 2048K, 14 young (28672K), 2 survivors (4096K)
 Metaspace       used 52732K, committed 53248K, reserved 1097728K
  class space    used 6960K, committed 7232K, reserved 1048576K
}
Event: 6.394 GC heap after
{Heap after GC invocations=13 (full 0):
 garbage-first heap   total 98304K, used 45977K [0x0000000740000000, 0x0000000800000000)
  region size 2048K, 1 young (2048K), 1 survivors (2048K)
 Metaspace       used 52732K, committed 53248K, reserved 1097728K
  class space    used 6960K, committed 7232K, reserved 1048576K
}
Event: 7.027 GC heap before
{Heap before GC invocations=14 (full 0):
 garbage-first heap   total 98304K, used 68505K [0x0000000740000000, 0x0000000800000000)
  region size 2048K, 11 young (22528K), 1 survivors (2048K)
 Metaspace       used 54879K, committed 55424K, reserved 1097728K
  class space    used 7234K, committed 7488K, reserved 1048576K
}
Event: 7.030 GC heap after
{Heap after GC invocations=15 (full 0):
 garbage-first heap   total 98304K, used 47267K [0x0000000740000000, 0x0000000800000000)
  region size 2048K, 2 young (4096K), 2 survivors (4096K)
 Metaspace       used 54879K, committed 55424K, reserved 1097728K
  class space    used 7234K, committed 7488K, reserved 1048576K
}
Event: 7.198 GC heap before
{Heap before GC invocations=16 (full 0):
 garbage-first heap   total 116736K, used 71843K [0x0000000740000000, 0x0000000800000000)
  region size 2048K, 6 young (12288K), 2 survivors (4096K)
 Metaspace       used 55146K, committed 55680K, reserved 1097728K
  class space    used 7257K, committed 7488K, reserved 1048576K
}
Event: 7.201 GC heap after
{Heap after GC invocations=17 (full 0):
 garbage-first heap   total 116736K, used 47764K [0x0000000740000000, 0x0000000800000000)
  region size 2048K, 2 young (4096K), 2 survivors (4096K)
 Metaspace       used 55146K, committed 55680K, reserved 1097728K
  class space    used 7257K, committed 7488K, reserved 1048576K
}
Event: 7.241 GC heap before
{Heap before GC invocations=17 (full 0):
 garbage-first heap   total 116736K, used 70292K [0x0000000740000000, 0x0000000800000000)
  region size 2048K, 6 young (12288K), 2 survivors (4096K)
 Metaspace       used 55182K, committed 55744K, reserved 1097728K
  class space    used 7257K, committed 7488K, reserved 1048576K
}
Event: 7.244 GC heap after
{Heap after GC invocations=18 (full 0):
 garbage-first heap   total 116736K, used 47611K [0x0000000740000000, 0x0000000800000000)
  region size 2048K, 2 young (4096K), 2 survivors (4096K)
 Metaspace       used 55182K, committed 55744K, reserved 1097728K
  class space    used 7257K, committed 7488K, reserved 1048576K
}
Event: 7.269 GC heap before
{Heap before GC invocations=18 (full 0):
 garbage-first heap   total 116736K, used 66043K [0x0000000740000000, 0x0000000800000000)
  region size 2048K, 3 young (6144K), 2 survivors (4096K)
 Metaspace       used 55185K, committed 55744K, reserved 1097728K
  class space    used 7257K, committed 7488K, reserved 1048576K
}
Event: 7.271 GC heap after
{Heap after GC invocations=19 (full 0):
 garbage-first heap   total 116736K, used 47512K [0x0000000740000000, 0x0000000800000000)
  region size 2048K, 2 young (4096K), 2 survivors (4096K)
 Metaspace       used 55185K, committed 55744K, reserved 1097728K
  class space    used 7257K, committed 7488K, reserved 1048576K
}
Event: 7.372 GC heap before
{Heap before GC invocations=19 (full 0):
 garbage-first heap   total 116736K, used 61848K [0x0000000740000000, 0x0000000800000000)
  region size 2048K, 6 young (12288K), 2 survivors (4096K)
 Metaspace       used 55609K, committed 56128K, reserved 1097728K
  class space    used 7313K, committed 7552K, reserved 1048576K
}
Event: 7.376 GC heap after
{Heap after GC invocations=20 (full 0):
 garbage-first heap   total 178176K, used 47931K [0x0000000740000000, 0x0000000800000000)
  region size 2048K, 2 young (4096K), 2 survivors (4096K)
 Metaspace       used 55609K, committed 56128K, reserved 1097728K
  class space    used 7313K, committed 7552K, reserved 1048576K
}
Event: 7.487 GC heap before
{Heap before GC invocations=20 (full 0):
 garbage-first heap   total 178176K, used 88891K [0x0000000740000000, 0x0000000800000000)
  region size 2048K, 7 young (14336K), 2 survivors (4096K)
 Metaspace       used 55719K, committed 56256K, reserved 1097728K
  class space    used 7314K, committed 7552K, reserved 1048576K
}
Event: 7.490 GC heap after
{Heap after GC invocations=21 (full 0):
 garbage-first heap   total 178176K, used 48250K [0x0000000740000000, 0x0000000800000000)
  region size 2048K, 2 young (4096K), 2 survivors (4096K)
 Metaspace       used 55719K, committed 56256K, reserved 1097728K
  class space    used 7314K, committed 7552K, reserved 1048576K
}
Event: 7.527 GC heap before
{Heap before GC invocations=21 (full 0):
 garbage-first heap   total 178176K, used 85114K [0x0000000740000000, 0x0000000800000000)
  region size 2048K, 7 young (14336K), 2 survivors (4096K)
 Metaspace       used 55732K, committed 56256K, reserved 1097728K
  class space    used 7314K, committed 7552K, reserved 1048576K
}
Event: 7.531 GC heap after
{Heap after GC invocations=22 (full 0):
 garbage-first heap   total 178176K, used 48074K [0x0000000740000000, 0x0000000800000000)
  region size 2048K, 2 young (4096K), 2 survivors (4096K)
 Metaspace       used 55732K, committed 56256K, reserved 1097728K
  class space    used 7314K, committed 7552K, reserved 1048576K
}
Event: 8.469 GC heap before
{Heap before GC invocations=22 (full 0):
 garbage-first heap   total 178176K, used 152522K [0x0000000740000000, 0x0000000800000000)
  region size 2048K, 50 young (102400K), 2 survivors (4096K)
 Metaspace       used 59291K, committed 59776K, reserved 1105920K
  class space    used 7838K, committed 8064K, reserved 1048576K
}
Event: 8.483 GC heap after
{Heap after GC invocations=23 (full 0):
 garbage-first heap   total 178176K, used 59169K [0x0000000740000000, 0x0000000800000000)
  region size 2048K, 7 young (14336K), 7 survivors (14336K)
 Metaspace       used 59291K, committed 59776K, reserved 1105920K
  class space    used 7838K, committed 8064K, reserved 1048576K
}
Event: 333.229 GC heap before
{Heap before GC invocations=23 (full 0):
 garbage-first heap   total 178176K, used 139041K [0x0000000740000000, 0x0000000800000000)
  region size 2048K, 47 young (96256K), 7 survivors (14336K)
 Metaspace       used 61594K, committed 62208K, reserved 1105920K
  class space    used 8132K, committed 8448K, reserved 1048576K
}
Event: 333.241 GC heap after
{Heap after GC invocations=24 (full 0):
 garbage-first heap   total 253952K, used 64518K [0x0000000740000000, 0x0000000800000000)
  region size 2048K, 3 young (6144K), 3 survivors (6144K)
 Metaspace       used 61594K, committed 62208K, reserved 1105920K
  class space    used 8132K, committed 8448K, reserved 1048576K
}

