# JRE version: OpenJDK Runtime Environment Corretto-16.0.2.7.1 (16.0.2+7) (build 16.0.2+7)
# Java VM: OpenJDK 64-Bit Server VM Corretto-16.0.2.7.1 (16.0.2+7, mixed mode, sharing, tiered, compressed oops, compressed class ptrs, g1 gc, windows-amd64)
GC Precious Log:
 CPUs: 12 total, 7 available
 Memory: 16335M
 Large Page Support: Disabled
 NUMA Support: Disabled
 Compressed Oops: Enabled (Zero based)
 Heap Region Size: 2M
 Heap Min Capacity: 8M
 Heap Initial Capacity: 256M
 Heap Max Capacity: 3G
 Pre-touch: Disabled
 Parallel Workers: 7
 Concurrent Workers: 2
 Concurrent Refinement Workers: 7
 Periodic GC: Disabled
Heap:
 garbage-first heap   total 196608K, used 74407K [0x0000000740000000, 0x0000000800000000)
  region size 2048K, 10 young (20480K), 5 survivors (10240K)
 Metaspace       used 62738K, committed 63360K, reserved 1105920K
  class space    used 8237K, committed 8512K, reserved 1048576K
GC Heap History (20 events):
Event: 7.098 GC heap before
{Heap before GC invocations=18 (full 0):
 garbage-first heap   total 98304K, used 50064K [0x0000000740000000, 0x0000000800000000)
  region size 2048K, 3 young (6144K), 2 survivors (4096K)
 Metaspace       used 53257K, committed 53760K, reserved 1097728K
  class space    used 6976K, committed 7232K, reserved 1048576K
}
Event: 7.102 GC heap after
{Heap after GC invocations=19 (full 0):
 garbage-first heap   total 98304K, used 46060K [0x0000000740000000, 0x0000000800000000)
  region size 2048K, 2 young (4096K), 2 survivors (4096K)
 Metaspace       used 53257K, committed 53760K, reserved 1097728K
  class space    used 6976K, committed 7232K, reserved 1048576K
}
Event: 7.762 GC heap before
{Heap before GC invocations=20 (full 0):
 garbage-first heap   total 98304K, used 68588K [0x0000000740000000, 0x0000000800000000)
  region size 2048K, 12 young (24576K), 2 survivors (4096K)
 Metaspace       used 55448K, committed 56000K, reserved 1097728K
  class space    used 7251K, committed 7488K, reserved 1048576K
}
Event: 7.765 GC heap after
{Heap after GC invocations=21 (full 0):
 garbage-first heap   total 98304K, used 47666K [0x0000000740000000, 0x0000000800000000)
  region size 2048K, 3 young (6144K), 3 survivors (6144K)
 Metaspace       used 55448K, committed 56000K, reserved 1097728K
  class space    used 7251K, committed 7488K, reserved 1048576K
}
Event: 7.949 GC heap before
{Heap before GC invocations=22 (full 0):
 garbage-first heap   total 120832K, used 72242K [0x0000000740000000, 0x0000000800000000)
  region size 2048K, 8 young (16384K), 3 survivors (6144K)
 Metaspace       used 55713K, committed 56192K, reserved 1105920K
  class space    used 7270K, committed 7488K, reserved 1048576K
}
Event: 7.952 GC heap after
{Heap after GC invocations=23 (full 0):
 garbage-first heap   total 120832K, used 48062K [0x0000000740000000, 0x0000000800000000)
  region size 2048K, 2 young (4096K), 2 survivors (4096K)
 Metaspace       used 55713K, committed 56192K, reserved 1105920K
  class space    used 7270K, committed 7488K, reserved 1048576K
}
Event: 7.982 GC heap before
{Heap before GC invocations=23 (full 0):
 garbage-first heap   total 120832K, used 74686K [0x0000000740000000, 0x0000000800000000)
  region size 2048K, 7 young (14336K), 2 survivors (4096K)
 Metaspace       used 55729K, committed 56192K, reserved 1105920K
  class space    used 7270K, committed 7488K, reserved 1048576K
}
Event: 7.984 GC heap after
{Heap after GC invocations=24 (full 0):
 garbage-first heap   total 120832K, used 47816K [0x0000000740000000, 0x0000000800000000)
  region size 2048K, 2 young (4096K), 2 survivors (4096K)
 Metaspace       used 55729K, committed 56192K, reserved 1105920K
  class space    used 7270K, committed 7488K, reserved 1048576K
}
Event: 8.011 GC heap before
{Heap before GC invocations=24 (full 0):
 garbage-first heap   total 120832K, used 66248K [0x0000000740000000, 0x0000000800000000)
  region size 2048K, 3 young (6144K), 2 survivors (4096K)
 Metaspace       used 55732K, committed 56192K, reserved 1105920K
  class space    used 7271K, committed 7488K, reserved 1048576K
}
Event: 8.013 GC heap after
{Heap after GC invocations=25 (full 0):
 garbage-first heap   total 120832K, used 47976K [0x0000000740000000, 0x0000000800000000)
  region size 2048K, 2 young (4096K), 2 survivors (4096K)
 Metaspace       used 55732K, committed 56192K, reserved 1105920K
  class space    used 7271K, committed 7488K, reserved 1048576K
}
Event: 8.126 GC heap before
{Heap before GC invocations=25 (full 0):
 garbage-first heap   total 120832K, used 62312K [0x0000000740000000, 0x0000000800000000)
  region size 2048K, 6 young (12288K), 2 survivors (4096K)
 Metaspace       used 56171K, committed 56704K, reserved 1105920K
  class space    used 7327K, committed 7552K, reserved 1048576K
}
Event: 8.129 GC heap after
{Heap after GC invocations=26 (full 0):
 garbage-first heap   total 120832K, used 48381K [0x0000000740000000, 0x0000000800000000)
  region size 2048K, 2 young (4096K), 2 survivors (4096K)
 Metaspace       used 56171K, committed 56704K, reserved 1105920K
  class space    used 7327K, committed 7552K, reserved 1048576K
}
Event: 8.139 GC heap before
{Heap before GC invocations=26 (full 0):
 garbage-first heap   total 120832K, used 56573K [0x0000000740000000, 0x0000000800000000)
  region size 2048K, 4 young (8192K), 2 survivors (4096K)
 Metaspace       used 56173K, committed 56704K, reserved 1105920K
  class space    used 7327K, committed 7552K, reserved 1048576K
}
Event: 8.143 GC heap after
{Heap after GC invocations=27 (full 0):
 garbage-first heap   total 188416K, used 48405K [0x0000000740000000, 0x0000000800000000)
  region size 2048K, 2 young (4096K), 2 survivors (4096K)
 Metaspace       used 56173K, committed 56704K, reserved 1105920K
  class space    used 7327K, committed 7552K, reserved 1048576K
}
Event: 8.245 GC heap before
{Heap before GC invocations=27 (full 0):
 garbage-first heap   total 188416K, used 97557K [0x0000000740000000, 0x0000000800000000)
  region size 2048K, 9 young (18432K), 2 survivors (4096K)
 Metaspace       used 56272K, committed 56768K, reserved 1105920K
  class space    used 7328K, committed 7552K, reserved 1048576K
}
Event: 8.248 GC heap after
{Heap after GC invocations=28 (full 0):
 garbage-first heap   total 188416K, used 48393K [0x0000000740000000, 0x0000000800000000)
  region size 2048K, 2 young (4096K), 2 survivors (4096K)
 Metaspace       used 56272K, committed 56768K, reserved 1105920K
  class space    used 7328K, committed 7552K, reserved 1048576K
}
Event: 9.452 GC heap before
{Heap before GC invocations=28 (full 0):
 garbage-first heap   total 188416K, used 179465K [0x0000000740000000, 0x0000000800000000)
  region size 2048K, 54 young (110592K), 2 survivors (4096K)
 Metaspace       used 60084K, committed 60672K, reserved 1105920K
  class space    used 7895K, committed 8192K, reserved 1048576K
}
Event: 9.461 GC heap after
{Heap after GC invocations=29 (full 0):
 garbage-first heap   total 196608K, used 58816K [0x0000000740000000, 0x0000000800000000)
  region size 2048K, 7 young (14336K), 7 survivors (14336K)
 Metaspace       used 60084K, committed 60672K, reserved 1105920K
  class space    used 7895K, committed 8192K, reserved 1048576K
}
Event: 71.931 GC heap before
{Heap before GC invocations=29 (full 0):
 garbage-first heap   total 196608K, used 155072K [0x0000000740000000, 0x0000000800000000)
  region size 2048K, 55 young (112640K), 7 survivors (14336K)
 Metaspace       used 62393K, committed 62976K, reserved 1105920K
  class space    used 8194K, committed 8512K, reserved 1048576K
}
Event: 71.943 GC heap after
{Heap after GC invocations=30 (full 0):
 garbage-first heap   total 196608K, used 66215K [0x0000000740000000, 0x0000000800000000)
  region size 2048K, 5 young (10240K), 5 survivors (10240K)
 Metaspace       used 62393K, committed 62976K, reserved 1105920K
  class space    used 8194K, committed 8512K, reserved 1048576K
}

