# JRE version: OpenJDK Runtime Environment Corretto-16.0.2.7.1 (16.0.2+7) (build 16.0.2+7)
# Java VM: OpenJDK 64-Bit Server VM Corretto-16.0.2.7.1 (16.0.2+7, mixed mode, sharing, tiered, compressed oops, compressed class ptrs, g1 gc, windows-amd64)
GC Precious Log:
 CPUs: 12 total, 12 available
 Memory: 16335M
 Large Page Support: Disabled
 NUMA Support: Disabled
 Compressed Oops: Enabled (Zero based)
 Heap Region Size: 2M
 Heap Min Capacity: 8M
 Heap Initial Capacity: 256M
 Heap Max Capacity: 3G
 Pre-touch: Disabled
 Parallel Workers: 10
 Concurrent Workers: 3
 Concurrent Refinement Workers: 10
 Periodic GC: Disabled
Heap:
 garbage-first heap   total 178176K, used 124767K [0x0000000740000000, 0x0000000800000000)
  region size 2048K, 41 young (83968K), 3 survivors (6144K)
 Metaspace       used 60415K, committed 61056K, reserved 1105920K
  class space    used 7970K, committed 8256K, reserved 1048576K
GC Heap History (20 events):
Event: 5.924 GC heap before
{Heap before GC invocations=12 (full 0):
 garbage-first heap   total 108544K, used 62985K [0x0000000740000000, 0x0000000800000000)
  region size 2048K, 10 young (20480K), 2 survivors (4096K)
 Metaspace       used 52763K, committed 53312K, reserved 1097728K
  class space    used 6969K, committed 7232K, reserved 1048576K
}
Event: 5.928 GC heap after
{Heap after GC invocations=13 (full 0):
 garbage-first heap   total 108544K, used 45542K [0x0000000740000000, 0x0000000800000000)
  region size 2048K, 2 young (4096K), 2 survivors (4096K)
 Metaspace       used 52763K, committed 53312K, reserved 1097728K
  class space    used 6969K, committed 7232K, reserved 1048576K
}
Event: 6.451 GC heap before
{Heap before GC invocations=13 (full 0):
 garbage-first heap   total 108544K, used 68070K [0x0000000740000000, 0x0000000800000000)
  region size 2048K, 12 young (24576K), 2 survivors (4096K)
 Metaspace       used 54954K, committed 55488K, reserved 1097728K
  class space    used 7242K, committed 7488K, reserved 1048576K
}
Event: 6.456 GC heap after
{Heap after GC invocations=14 (full 0):
 garbage-first heap   total 108544K, used 46889K [0x0000000740000000, 0x0000000800000000)
  region size 2048K, 2 young (4096K), 2 survivors (4096K)
 Metaspace       used 54954K, committed 55488K, reserved 1097728K
  class space    used 7242K, committed 7488K, reserved 1048576K
}
Event: 6.598 GC heap before
{Heap before GC invocations=14 (full 0):
 garbage-first heap   total 108544K, used 73513K [0x0000000740000000, 0x0000000800000000)
  region size 2048K, 7 young (14336K), 2 survivors (4096K)
 Metaspace       used 55228K, committed 55744K, reserved 1097728K
  class space    used 7264K, committed 7488K, reserved 1048576K
}
Event: 6.600 GC heap after
{Heap after GC invocations=15 (full 0):
 garbage-first heap   total 108544K, used 47176K [0x0000000740000000, 0x0000000800000000)
  region size 2048K, 2 young (4096K), 2 survivors (4096K)
 Metaspace       used 55228K, committed 55744K, reserved 1097728K
  class space    used 7264K, committed 7488K, reserved 1048576K
}
Event: 6.631 GC heap before
{Heap before GC invocations=15 (full 0):
 garbage-first heap   total 108544K, used 69704K [0x0000000740000000, 0x0000000800000000)
  region size 2048K, 6 young (12288K), 2 survivors (4096K)
 Metaspace       used 55253K, committed 55744K, reserved 1097728K
  class space    used 7264K, committed 7488K, reserved 1048576K
}
Event: 6.633 GC heap after
{Heap after GC invocations=16 (full 0):
 garbage-first heap   total 108544K, used 47023K [0x0000000740000000, 0x0000000800000000)
  region size 2048K, 2 young (4096K), 2 survivors (4096K)
 Metaspace       used 55253K, committed 55744K, reserved 1097728K
  class space    used 7264K, committed 7488K, reserved 1048576K
}
Event: 6.655 GC heap before
{Heap before GC invocations=16 (full 0):
 garbage-first heap   total 108544K, used 65455K [0x0000000740000000, 0x0000000800000000)
  region size 2048K, 3 young (6144K), 2 survivors (4096K)
 Metaspace       used 55257K, committed 55744K, reserved 1097728K
  class space    used 7265K, committed 7488K, reserved 1048576K
}
Event: 6.658 GC heap after
{Heap after GC invocations=17 (full 0):
 garbage-first heap   total 145408K, used 46913K [0x0000000740000000, 0x0000000800000000)
  region size 2048K, 2 young (4096K), 2 survivors (4096K)
 Metaspace       used 55257K, committed 55744K, reserved 1097728K
  class space    used 7265K, committed 7488K, reserved 1048576K
}
Event: 6.769 GC heap before
{Heap before GC invocations=17 (full 0):
 garbage-first heap   total 145408K, used 73537K [0x0000000740000000, 0x0000000800000000)
  region size 2048K, 7 young (14336K), 2 survivors (4096K)
 Metaspace       used 55701K, committed 56192K, reserved 1097728K
  class space    used 7322K, committed 7552K, reserved 1048576K
}
Event: 6.772 GC heap after
{Heap after GC invocations=18 (full 0):
 garbage-first heap   total 145408K, used 47643K [0x0000000740000000, 0x0000000800000000)
  region size 2048K, 2 young (4096K), 2 survivors (4096K)
 Metaspace       used 55701K, committed 56192K, reserved 1097728K
  class space    used 7322K, committed 7552K, reserved 1048576K
}
Event: 6.792 GC heap before
{Heap before GC invocations=18 (full 0):
 garbage-first heap   total 145408K, used 61979K [0x0000000740000000, 0x0000000800000000)
  region size 2048K, 4 young (8192K), 2 survivors (4096K)
 Metaspace       used 55703K, committed 56192K, reserved 1097728K
  class space    used 7322K, committed 7552K, reserved 1048576K
}
Event: 6.795 GC heap after
{Heap after GC invocations=19 (full 0):
 garbage-first heap   total 145408K, used 47433K [0x0000000740000000, 0x0000000800000000)
  region size 2048K, 2 young (4096K), 2 survivors (4096K)
 Metaspace       used 55703K, committed 56192K, reserved 1097728K
  class space    used 7322K, committed 7552K, reserved 1048576K
}
Event: 6.865 GC heap before
{Heap before GC invocations=19 (full 0):
 garbage-first heap   total 145408K, used 74057K [0x0000000740000000, 0x0000000800000000)
  region size 2048K, 7 young (14336K), 2 survivors (4096K)
 Metaspace       used 55807K, committed 56320K, reserved 1105920K
  class space    used 7322K, committed 7552K, reserved 1048576K
}
Event: 6.868 GC heap after
{Heap after GC invocations=20 (full 0):
 garbage-first heap   total 145408K, used 47544K [0x0000000740000000, 0x0000000800000000)
  region size 2048K, 2 young (4096K), 2 survivors (4096K)
 Metaspace       used 55807K, committed 56320K, reserved 1105920K
  class space    used 7322K, committed 7552K, reserved 1048576K
}
Event: 6.897 GC heap before
{Heap before GC invocations=20 (full 0):
 garbage-first heap   total 145408K, used 65976K [0x0000000740000000, 0x0000000800000000)
  region size 2048K, 4 young (8192K), 2 survivors (4096K)
 Metaspace       used 55808K, committed 56320K, reserved 1105920K
  class space    used 7322K, committed 7552K, reserved 1048576K
}
Event: 6.901 GC heap after
{Heap after GC invocations=21 (full 0):
 garbage-first heap   total 278528K, used 47663K [0x0000000740000000, 0x0000000800000000)
  region size 2048K, 2 young (4096K), 2 survivors (4096K)
 Metaspace       used 55808K, committed 56320K, reserved 1105920K
  class space    used 7322K, committed 7552K, reserved 1048576K
}
Event: 8.011 GC heap before
{Heap before GC invocations=21 (full 0):
 garbage-first heap   total 278528K, used 107055K [0x0000000740000000, 0x0000000800000000)
  region size 2048K, 28 young (57344K), 2 survivors (4096K)
 Metaspace       used 58977K, committed 59456K, reserved 1105920K
  class space    used 7786K, committed 8000K, reserved 1048576K
}
Event: 8.015 GC heap after
{Heap after GC invocations=22 (full 0):
 garbage-first heap   total 278528K, used 48991K [0x0000000740000000, 0x0000000800000000)
  region size 2048K, 3 young (6144K), 3 survivors (6144K)
 Metaspace       used 58977K, committed 59456K, reserved 1105920K
  class space    used 7786K, committed 8000K, reserved 1048576K
}

