# JRE version: OpenJDK Runtime Environment Corretto-16.0.2.7.1 (16.0.2+7) (build 16.0.2+7)
# Java VM: OpenJDK 64-Bit Server VM Corretto-16.0.2.7.1 (16.0.2+7, mixed mode, sharing, tiered, compressed oops, compressed class ptrs, g1 gc, windows-amd64)
GC Precious Log:
 CPUs: 12 total, 12 available
 Memory: 16335M
 Large Page Support: Disabled
 NUMA Support: Disabled
 Compressed Oops: Enabled (Zero based)
 Heap Region Size: 2M
 Heap Min Capacity: 8M
 Heap Initial Capacity: 256M
 Heap Max Capacity: 3G
 Pre-touch: Disabled
 Parallel Workers: 10
 Concurrent Workers: 3
 Concurrent Refinement Workers: 10
 Periodic GC: Disabled
Heap:
 garbage-first heap   total 235520K, used 139918K [0x0000000740000000, 0x0000000800000000)
  region size 2048K, 48 young (98304K), 9 survivors (18432K)
 Metaspace       used 62974K, committed 63680K, reserved 1105920K
  class space    used 8275K, committed 8640K, reserved 1048576K
GC Heap History (20 events):
Event: 7.707 GC heap before
{Heap before GC invocations=11 (full 0):
 garbage-first heap   total 90112K, used 65439K [0x0000000740000000, 0x0000000800000000)
  region size 2048K, 14 young (28672K), 2 survivors (4096K)
 Metaspace       used 51463K, committed 51968K, reserved 1097728K
  class space    used 6735K, committed 6976K, reserved 1048576K
}
Event: 7.713 GC heap after
{Heap after GC invocations=12 (full 0):
 garbage-first heap   total 108544K, used 43756K [0x0000000740000000, 0x0000000800000000)
  region size 2048K, 2 young (4096K), 2 survivors (4096K)
 Metaspace       used 51463K, committed 51968K, reserved 1097728K
  class space    used 6735K, committed 6976K, reserved 1048576K
}
Event: 8.122 GC heap before
{Heap before GC invocations=13 (full 0):
 garbage-first heap   total 108544K, used 76524K [0x0000000740000000, 0x0000000800000000)
  region size 2048K, 17 young (34816K), 2 survivors (4096K)
 Metaspace       used 53302K, committed 53824K, reserved 1097728K
  class space    used 6993K, committed 7232K, reserved 1048576K
}
Event: 8.127 GC heap after
{Heap after GC invocations=14 (full 0):
 garbage-first heap   total 108544K, used 45724K [0x0000000740000000, 0x0000000800000000)
  region size 2048K, 3 young (6144K), 3 survivors (6144K)
 Metaspace       used 53302K, committed 53824K, reserved 1097728K
  class space    used 6993K, committed 7232K, reserved 1048576K
}
Event: 8.775 GC heap before
{Heap before GC invocations=14 (full 0):
 garbage-first heap   total 108544K, used 68252K [0x0000000740000000, 0x0000000800000000)
  region size 2048K, 13 young (26624K), 3 survivors (6144K)
 Metaspace       used 55508K, committed 56064K, reserved 1097728K
  class space    used 7268K, committed 7552K, reserved 1048576K
}
Event: 8.781 GC heap after
{Heap after GC invocations=15 (full 0):
 garbage-first heap   total 108544K, used 47555K [0x0000000740000000, 0x0000000800000000)
  region size 2048K, 2 young (4096K), 2 survivors (4096K)
 Metaspace       used 55508K, committed 56064K, reserved 1097728K
  class space    used 7268K, committed 7552K, reserved 1048576K
}
Event: 8.928 GC heap before
{Heap before GC invocations=15 (full 0):
 garbage-first heap   total 108544K, used 72131K [0x0000000740000000, 0x0000000800000000)
  region size 2048K, 6 young (12288K), 2 survivors (4096K)
 Metaspace       used 55767K, committed 56256K, reserved 1105920K
  class space    used 7286K, committed 7552K, reserved 1048576K
}
Event: 8.932 GC heap after
{Heap after GC invocations=16 (full 0):
 garbage-first heap   total 108544K, used 48035K [0x0000000740000000, 0x0000000800000000)
  region size 2048K, 2 young (4096K), 2 survivors (4096K)
 Metaspace       used 55767K, committed 56256K, reserved 1105920K
  class space    used 7286K, committed 7552K, reserved 1048576K
}
Event: 8.998 GC heap before
{Heap before GC invocations=17 (full 0):
 garbage-first heap   total 131072K, used 70563K [0x0000000740000000, 0x0000000800000000)
  region size 2048K, 5 young (10240K), 2 survivors (4096K)
 Metaspace       used 55809K, committed 56320K, reserved 1105920K
  class space    used 7286K, committed 7552K, reserved 1048576K
}
Event: 9.001 GC heap after
{Heap after GC invocations=18 (full 0):
 garbage-first heap   total 131072K, used 47637K [0x0000000740000000, 0x0000000800000000)
  region size 2048K, 1 young (2048K), 1 survivors (2048K)
 Metaspace       used 55809K, committed 56320K, reserved 1105920K
  class space    used 7286K, committed 7552K, reserved 1048576K
}
Event: 9.030 GC heap before
{Heap before GC invocations=18 (full 0):
 garbage-first heap   total 131072K, used 66069K [0x0000000740000000, 0x0000000800000000)
  region size 2048K, 2 young (4096K), 1 survivors (2048K)
 Metaspace       used 55812K, committed 56320K, reserved 1105920K
  class space    used 7286K, committed 7552K, reserved 1048576K
}
Event: 9.032 GC heap after
{Heap after GC invocations=19 (full 0):
 garbage-first heap   total 131072K, used 47540K [0x0000000740000000, 0x0000000800000000)
  region size 2048K, 1 young (2048K), 1 survivors (2048K)
 Metaspace       used 55812K, committed 56320K, reserved 1105920K
  class space    used 7286K, committed 7552K, reserved 1048576K
}
Event: 9.164 GC heap before
{Heap before GC invocations=19 (full 0):
 garbage-first heap   total 131072K, used 61876K [0x0000000740000000, 0x0000000800000000)
  region size 2048K, 5 young (10240K), 1 survivors (2048K)
 Metaspace       used 56229K, committed 56768K, reserved 1105920K
  class space    used 7343K, committed 7616K, reserved 1048576K
}
Event: 9.167 GC heap after
{Heap after GC invocations=20 (full 0):
 garbage-first heap   total 131072K, used 48082K [0x0000000740000000, 0x0000000800000000)
  region size 2048K, 2 young (4096K), 2 survivors (4096K)
 Metaspace       used 56229K, committed 56768K, reserved 1105920K
  class space    used 7343K, committed 7616K, reserved 1048576K
}
Event: 9.181 GC heap before
{Heap before GC invocations=20 (full 0):
 garbage-first heap   total 131072K, used 56274K [0x0000000740000000, 0x0000000800000000)
  region size 2048K, 4 young (8192K), 2 survivors (4096K)
 Metaspace       used 56229K, committed 56768K, reserved 1105920K
  class space    used 7343K, committed 7616K, reserved 1048576K
}
Event: 9.184 GC heap after
{Heap after GC invocations=21 (full 0):
 garbage-first heap   total 235520K, used 48024K [0x0000000740000000, 0x0000000800000000)
  region size 2048K, 2 young (4096K), 2 survivors (4096K)
 Metaspace       used 56229K, committed 56768K, reserved 1105920K
  class space    used 7343K, committed 7616K, reserved 1048576K
}
Event: 9.339 GC heap before
{Heap before GC invocations=21 (full 0):
 garbage-first heap   total 235520K, used 119704K [0x0000000740000000, 0x0000000800000000)
  region size 2048K, 11 young (22528K), 2 survivors (4096K)
 Metaspace       used 56337K, committed 56832K, reserved 1105920K
  class space    used 7344K, committed 7616K, reserved 1048576K
}
Event: 9.342 GC heap after
{Heap after GC invocations=22 (full 0):
 garbage-first heap   total 235520K, used 48215K [0x0000000740000000, 0x0000000800000000)
  region size 2048K, 2 young (4096K), 2 survivors (4096K)
 Metaspace       used 56337K, committed 56832K, reserved 1105920K
  class space    used 7344K, committed 7616K, reserved 1048576K
}
Event: 13.301 GC heap before
{Heap before GC invocations=22 (full 0):
 garbage-first heap   total 235520K, used 191575K [0x0000000740000000, 0x0000000800000000)
  region size 2048K, 69 young (141312K), 2 survivors (4096K)
 Metaspace       used 61520K, committed 62080K, reserved 1105920K
  class space    used 8118K, committed 8384K, reserved 1048576K
}
Event: 13.314 GC heap after
{Heap after GC invocations=23 (full 0):
 garbage-first heap   total 235520K, used 64142K [0x0000000740000000, 0x0000000800000000)
  region size 2048K, 9 young (18432K), 9 survivors (18432K)
 Metaspace       used 61520K, committed 62080K, reserved 1105920K
  class space    used 8118K, committed 8384K, reserved 1048576K
}

