# JRE version: OpenJDK Runtime Environment Corretto-16.0.2.7.1 (16.0.2+7) (build 16.0.2+7)
# Java VM: OpenJDK 64-Bit Server VM Corretto-16.0.2.7.1 (16.0.2+7, mixed mode, sharing, tiered, compressed oops, compressed class ptrs, g1 gc, windows-amd64)
GC Precious Log:
 CPUs: 12 total, 12 available
 Memory: 16335M
 Large Page Support: Disabled
 NUMA Support: Disabled
 Compressed Oops: Enabled (Zero based)
 Heap Region Size: 2M
 Heap Min Capacity: 8M
 Heap Initial Capacity: 256M
 Heap Max Capacity: 3G
 Pre-touch: Disabled
 Parallel Workers: 10
 Concurrent Workers: 3
 Concurrent Refinement Workers: 10
 Periodic GC: Disabled
Heap:
 garbage-first heap   total 262144K, used 154123K [0x0000000740000000, 0x0000000800000000)
  region size 2048K, 55 young (112640K), 9 survivors (18432K)
 Metaspace       used 62921K, committed 63488K, reserved 1105920K
  class space    used 8265K, committed 8512K, reserved 1048576K
GC Heap History (20 events):
Event: 6.558 GC heap before
{Heap before GC invocations=10 (full 0):
 garbage-first heap   total 90112K, used 67300K [0x0000000740000000, 0x0000000800000000)
  region size 2048K, 17 young (34816K), 3 survivors (6144K)
 Metaspace       used 50549K, committed 51008K, reserved 1097728K
  class space    used 6586K, committed 6784K, reserved 1048576K
}
Event: 6.563 GC heap after
{Heap after GC invocations=11 (full 0):
 garbage-first heap   total 90112K, used 41738K [0x0000000740000000, 0x0000000800000000)
  region size 2048K, 2 young (4096K), 2 survivors (4096K)
 Metaspace       used 50549K, committed 51008K, reserved 1097728K
  class space    used 6586K, committed 6784K, reserved 1048576K
}
Event: 6.772 GC heap before
{Heap before GC invocations=11 (full 0):
 garbage-first heap   total 90112K, used 66314K [0x0000000740000000, 0x0000000800000000)
  region size 2048K, 14 young (28672K), 2 survivors (4096K)
 Metaspace       used 51428K, committed 51904K, reserved 1097728K
  class space    used 6733K, committed 6976K, reserved 1048576K
}
Event: 6.776 GC heap after
{Heap after GC invocations=12 (full 0):
 garbage-first heap   total 108544K, used 44037K [0x0000000740000000, 0x0000000800000000)
  region size 2048K, 2 young (4096K), 2 survivors (4096K)
 Metaspace       used 51428K, committed 51904K, reserved 1097728K
  class space    used 6733K, committed 6976K, reserved 1048576K
}
Event: 7.068 GC heap before
{Heap before GC invocations=13 (full 0):
 garbage-first heap   total 108544K, used 76805K [0x0000000740000000, 0x0000000800000000)
  region size 2048K, 17 young (34816K), 2 survivors (4096K)
 Metaspace       used 53261K, committed 53760K, reserved 1097728K
  class space    used 6991K, committed 7232K, reserved 1048576K
}
Event: 7.072 GC heap after
{Heap after GC invocations=14 (full 0):
 garbage-first heap   total 108544K, used 45840K [0x0000000740000000, 0x0000000800000000)
  region size 2048K, 3 young (6144K), 3 survivors (6144K)
 Metaspace       used 53261K, committed 53760K, reserved 1097728K
  class space    used 6991K, committed 7232K, reserved 1048576K
}
Event: 7.973 GC heap before
{Heap before GC invocations=14 (full 0):
 garbage-first heap   total 108544K, used 70416K [0x0000000740000000, 0x0000000800000000)
  region size 2048K, 14 young (28672K), 3 survivors (6144K)
 Metaspace       used 55499K, committed 56064K, reserved 1097728K
  class space    used 7267K, committed 7552K, reserved 1048576K
}
Event: 7.978 GC heap after
{Heap after GC invocations=15 (full 0):
 garbage-first heap   total 108544K, used 47776K [0x0000000740000000, 0x0000000800000000)
  region size 2048K, 2 young (4096K), 2 survivors (4096K)
 Metaspace       used 55499K, committed 56064K, reserved 1097728K
  class space    used 7267K, committed 7552K, reserved 1048576K
}
Event: 8.135 GC heap before
{Heap before GC invocations=15 (full 0):
 garbage-first heap   total 108544K, used 74400K [0x0000000740000000, 0x0000000800000000)
  region size 2048K, 7 young (14336K), 2 survivors (4096K)
 Metaspace       used 55784K, committed 56320K, reserved 1105920K
  class space    used 7286K, committed 7552K, reserved 1048576K
}
Event: 8.139 GC heap after
{Heap after GC invocations=16 (full 0):
 garbage-first heap   total 108544K, used 48208K [0x0000000740000000, 0x0000000800000000)
  region size 2048K, 2 young (4096K), 2 survivors (4096K)
 Metaspace       used 55784K, committed 56320K, reserved 1105920K
  class space    used 7286K, committed 7552K, reserved 1048576K
}
Event: 8.205 GC heap before
{Heap before GC invocations=17 (full 0):
 garbage-first heap   total 131072K, used 89168K [0x0000000740000000, 0x0000000800000000)
  region size 2048K, 5 young (10240K), 2 survivors (4096K)
 Metaspace       used 55819K, committed 56320K, reserved 1105920K
  class space    used 7287K, committed 7552K, reserved 1048576K
}
Event: 8.207 GC heap after
{Heap after GC invocations=18 (full 0):
 garbage-first heap   total 131072K, used 47892K [0x0000000740000000, 0x0000000800000000)
  region size 2048K, 1 young (2048K), 1 survivors (2048K)
 Metaspace       used 55819K, committed 56320K, reserved 1105920K
  class space    used 7287K, committed 7552K, reserved 1048576K
}
Event: 8.315 GC heap before
{Heap before GC invocations=18 (full 0):
 garbage-first heap   total 131072K, used 62228K [0x0000000740000000, 0x0000000800000000)
  region size 2048K, 5 young (10240K), 1 survivors (2048K)
 Metaspace       used 56256K, committed 56768K, reserved 1105920K
  class space    used 7343K, committed 7616K, reserved 1048576K
}
Event: 8.318 GC heap after
{Heap after GC invocations=19 (full 0):
 garbage-first heap   total 131072K, used 48295K [0x0000000740000000, 0x0000000800000000)
  region size 2048K, 2 young (4096K), 2 survivors (4096K)
 Metaspace       used 56256K, committed 56768K, reserved 1105920K
  class space    used 7343K, committed 7616K, reserved 1048576K
}
Event: 8.328 GC heap before
{Heap before GC invocations=19 (full 0):
 garbage-first heap   total 131072K, used 56487K [0x0000000740000000, 0x0000000800000000)
  region size 2048K, 4 young (8192K), 2 survivors (4096K)
 Metaspace       used 56258K, committed 56768K, reserved 1105920K
  class space    used 7343K, committed 7616K, reserved 1048576K
}
Event: 8.331 GC heap after
{Heap after GC invocations=20 (full 0):
 garbage-first heap   total 131072K, used 48235K [0x0000000740000000, 0x0000000800000000)
  region size 2048K, 2 young (4096K), 2 survivors (4096K)
 Metaspace       used 56258K, committed 56768K, reserved 1105920K
  class space    used 7343K, committed 7616K, reserved 1048576K
}
Event: 8.349 GC heap before
{Heap before GC invocations=20 (full 0):
 garbage-first heap   total 131072K, used 58475K [0x0000000740000000, 0x0000000800000000)
  region size 2048K, 3 young (6144K), 2 survivors (4096K)
 Metaspace       used 56258K, committed 56768K, reserved 1105920K
  class space    used 7343K, committed 7616K, reserved 1048576K
}
Event: 8.352 GC heap after
{Heap after GC invocations=21 (full 0):
 garbage-first heap   total 243712K, used 48237K [0x0000000740000000, 0x0000000800000000)
  region size 2048K, 2 young (4096K), 2 survivors (4096K)
 Metaspace       used 56258K, committed 56768K, reserved 1105920K
  class space    used 7343K, committed 7616K, reserved 1048576K
}
Event: 9.645 GC heap before
{Heap before GC invocations=21 (full 0):
 garbage-first heap   total 243712K, used 236653K [0x0000000740000000, 0x0000000800000000)
  region size 2048K, 68 young (139264K), 2 survivors (4096K)
 Metaspace       used 60211K, committed 60736K, reserved 1105920K
  class space    used 7924K, committed 8192K, reserved 1048576K
}
Event: 9.658 GC heap after
{Heap after GC invocations=22 (full 0):
 garbage-first heap   total 262144K, used 64011K [0x0000000740000000, 0x0000000800000000)
  region size 2048K, 9 young (18432K), 9 survivors (18432K)
 Metaspace       used 60211K, committed 60736K, reserved 1105920K
  class space    used 7924K, committed 8192K, reserved 1048576K
}

