# JRE version: OpenJDK Runtime Environment Corretto-16.0.2.7.1 (16.0.2+7) (build 16.0.2+7)
# Java VM: OpenJDK 64-Bit Server VM Corretto-16.0.2.7.1 (16.0.2+7, mixed mode, sharing, tiered, compressed oops, compressed class ptrs, g1 gc, windows-amd64)
GC Precious Log:
 CPUs: 12 total, 12 available
 Memory: 16335M
 Large Page Support: Disabled
 NUMA Support: Disabled
 Compressed Oops: Enabled (Zero based)
 Heap Region Size: 2M
 Heap Min Capacity: 8M
 Heap Initial Capacity: 256M
 Heap Max Capacity: 3G
 Pre-touch: Disabled
 Parallel Workers: 10
 Concurrent Workers: 3
 Concurrent Refinement Workers: 10
 Periodic GC: Disabled
Heap:
 garbage-first heap   total 206848K, used 159929K [0x0000000740000000, 0x0000000800000000)
  region size 2048K, 58 young (118784K), 6 survivors (12288K)
 Metaspace       used 62887K, committed 63552K, reserved 1105920K
  class space    used 8251K, committed 8576K, reserved 1048576K
GC Heap History (20 events):
Event: 7.754 GC heap before
{Heap before GC invocations=15 (full 0):
 garbage-first heap   total 81920K, used 60777K [0x0000000740000000, 0x0000000800000000)
  region size 2048K, 11 young (22528K), 2 survivors (4096K)
 Metaspace       used 52950K, committed 53440K, reserved 1097728K
  class space    used 6934K, committed 7168K, reserved 1048576K
}
Event: 7.758 GC heap after
{Heap after GC invocations=16 (full 0):
 garbage-first heap   total 81920K, used 45325K [0x0000000740000000, 0x0000000800000000)
  region size 2048K, 1 young (2048K), 1 survivors (2048K)
 Metaspace       used 52950K, committed 53440K, reserved 1097728K
  class space    used 6934K, committed 7168K, reserved 1048576K
}
Event: 7.817 GC heap before
{Heap before GC invocations=17 (full 0):
 garbage-first heap   total 90112K, used 49421K [0x0000000740000000, 0x0000000800000000)
  region size 2048K, 2 young (4096K), 1 survivors (2048K)
 Metaspace       used 53202K, committed 53760K, reserved 1097728K
  class space    used 6964K, committed 7232K, reserved 1048576K
}
Event: 7.820 GC heap after
{Heap after GC invocations=18 (full 0):
 garbage-first heap   total 90112K, used 45420K [0x0000000740000000, 0x0000000800000000)
  region size 2048K, 1 young (2048K), 1 survivors (2048K)
 Metaspace       used 53202K, committed 53760K, reserved 1097728K
  class space    used 6964K, committed 7232K, reserved 1048576K
}
Event: 8.803 GC heap before
{Heap before GC invocations=19 (full 0):
 garbage-first heap   total 92160K, used 69996K [0x0000000740000000, 0x0000000800000000)
  region size 2048K, 12 young (24576K), 1 survivors (2048K)
 Metaspace       used 55437K, committed 55936K, reserved 1097728K
  class space    used 7235K, committed 7488K, reserved 1048576K
}
Event: 8.807 GC heap after
{Heap after GC invocations=20 (full 0):
 garbage-first heap   total 114688K, used 47028K [0x0000000740000000, 0x0000000800000000)
  region size 2048K, 2 young (4096K), 2 survivors (4096K)
 Metaspace       used 55437K, committed 55936K, reserved 1097728K
  class space    used 7235K, committed 7488K, reserved 1048576K
}
Event: 8.972 GC heap before
{Heap before GC invocations=20 (full 0):
 garbage-first heap   total 114688K, used 73652K [0x0000000740000000, 0x0000000800000000)
  region size 2048K, 7 young (14336K), 2 survivors (4096K)
 Metaspace       used 55693K, committed 56192K, reserved 1105920K
  class space    used 7254K, committed 7488K, reserved 1048576K
}
Event: 8.976 GC heap after
{Heap after GC invocations=21 (full 0):
 garbage-first heap   total 114688K, used 47439K [0x0000000740000000, 0x0000000800000000)
  region size 2048K, 2 young (4096K), 2 survivors (4096K)
 Metaspace       used 55693K, committed 56192K, reserved 1105920K
  class space    used 7254K, committed 7488K, reserved 1048576K
}
Event: 9.010 GC heap before
{Heap before GC invocations=21 (full 0):
 garbage-first heap   total 114688K, used 72015K [0x0000000740000000, 0x0000000800000000)
  region size 2048K, 6 young (12288K), 2 survivors (4096K)
 Metaspace       used 55719K, committed 56256K, reserved 1105920K
  class space    used 7254K, committed 7488K, reserved 1048576K
}
Event: 9.013 GC heap after
{Heap after GC invocations=22 (full 0):
 garbage-first heap   total 114688K, used 47502K [0x0000000740000000, 0x0000000800000000)
  region size 2048K, 2 young (4096K), 2 survivors (4096K)
 Metaspace       used 55719K, committed 56256K, reserved 1105920K
  class space    used 7254K, committed 7488K, reserved 1048576K
}
Event: 9.041 GC heap before
{Heap before GC invocations=22 (full 0):
 garbage-first heap   total 114688K, used 65934K [0x0000000740000000, 0x0000000800000000)
  region size 2048K, 3 young (6144K), 2 survivors (4096K)
 Metaspace       used 55722K, committed 56256K, reserved 1105920K
  class space    used 7255K, committed 7488K, reserved 1048576K
}
Event: 9.045 GC heap after
{Heap after GC invocations=23 (full 0):
 garbage-first heap   total 114688K, used 47453K [0x0000000740000000, 0x0000000800000000)
  region size 2048K, 2 young (4096K), 2 survivors (4096K)
 Metaspace       used 55722K, committed 56256K, reserved 1105920K
  class space    used 7255K, committed 7488K, reserved 1048576K
}
Event: 9.148 GC heap before
{Heap before GC invocations=23 (full 0):
 garbage-first heap   total 114688K, used 55645K [0x0000000740000000, 0x0000000800000000)
  region size 2048K, 5 young (10240K), 2 survivors (4096K)
 Metaspace       used 56125K, committed 56640K, reserved 1105920K
  class space    used 7311K, committed 7552K, reserved 1048576K
}
Event: 9.151 GC heap after
{Heap after GC invocations=24 (full 0):
 garbage-first heap   total 114688K, used 47915K [0x0000000740000000, 0x0000000800000000)
  region size 2048K, 2 young (4096K), 2 survivors (4096K)
 Metaspace       used 56125K, committed 56640K, reserved 1105920K
  class space    used 7311K, committed 7552K, reserved 1048576K
}
Event: 9.174 GC heap before
{Heap before GC invocations=24 (full 0):
 garbage-first heap   total 114688K, used 52011K [0x0000000740000000, 0x0000000800000000)
  region size 2048K, 4 young (8192K), 2 survivors (4096K)
 Metaspace       used 56164K, committed 56704K, reserved 1105920K
  class space    used 7311K, committed 7552K, reserved 1048576K
}
Event: 9.178 GC heap after
{Heap after GC invocations=25 (full 0):
 garbage-first heap   total 194560K, used 47819K [0x0000000740000000, 0x0000000800000000)
  region size 2048K, 2 young (4096K), 2 survivors (4096K)
 Metaspace       used 56164K, committed 56704K, reserved 1105920K
  class space    used 7311K, committed 7552K, reserved 1048576K
}
Event: 9.315 GC heap before
{Heap before GC invocations=25 (full 0):
 garbage-first heap   total 194560K, used 96971K [0x0000000740000000, 0x0000000800000000)
  region size 2048K, 9 young (18432K), 2 survivors (4096K)
 Metaspace       used 56278K, committed 56768K, reserved 1105920K
  class space    used 7312K, committed 7552K, reserved 1048576K
}
Event: 9.320 GC heap after
{Heap after GC invocations=26 (full 0):
 garbage-first heap   total 194560K, used 51931K [0x0000000740000000, 0x0000000800000000)
  region size 2048K, 2 young (4096K), 2 survivors (4096K)
 Metaspace       used 56278K, committed 56768K, reserved 1105920K
  class space    used 7312K, committed 7552K, reserved 1048576K
}
Event: 10.703 GC heap before
{Heap before GC invocations=26 (full 0):
 garbage-first heap   total 194560K, used 189147K [0x0000000740000000, 0x0000000800000000)
  region size 2048K, 53 young (108544K), 2 survivors (4096K)
 Metaspace       used 60111K, committed 60672K, reserved 1105920K
  class space    used 7890K, committed 8192K, reserved 1048576K
}
Event: 10.714 GC heap after
{Heap after GC invocations=27 (full 0):
 garbage-first heap   total 206848K, used 57529K [0x0000000740000000, 0x0000000800000000)
  region size 2048K, 6 young (12288K), 6 survivors (12288K)
 Metaspace       used 60111K, committed 60672K, reserved 1105920K
  class space    used 7890K, committed 8192K, reserved 1048576K
}

