# JRE version: OpenJDK Runtime Environment Corretto-16.0.2.7.1 (16.0.2+7) (build 16.0.2+7)
# Java VM: OpenJDK 64-Bit Server VM Corretto-16.0.2.7.1 (16.0.2+7, mixed mode, sharing, tiered, compressed oops, compressed class ptrs, g1 gc, windows-amd64)
GC Precious Log:
 CPUs: 12 total, 12 available
 Memory: 16335M
 Large Page Support: Disabled
 NUMA Support: Disabled
 Compressed Oops: Enabled (Zero based)
 Heap Region Size: 2M
 Heap Min Capacity: 8M
 Heap Initial Capacity: 256M
 Heap Max Capacity: 3G
 Pre-touch: Disabled
 Parallel Workers: 10
 Concurrent Workers: 3
 Concurrent Refinement Workers: 10
 Periodic GC: Disabled
Heap:
 garbage-first heap   total 184320K, used 126572K [0x0000000740000000, 0x0000000800000000)
  region size 2048K, 39 young (79872K), 7 survivors (14336K)
 Metaspace       used 62849K, committed 63424K, reserved 1105920K
  class space    used 8242K, committed 8512K, reserved 1048576K
GC Heap History (20 events):
Event: 8.531 GC heap before
{Heap before GC invocations=13 (full 0):
 garbage-first heap   total 108544K, used 67806K [0x0000000740000000, 0x0000000800000000)
  region size 2048K, 12 young (24576K), 2 survivors (4096K)
 Metaspace       used 55474K, committed 55936K, reserved 1097728K
  class space    used 7259K, committed 7488K, reserved 1048576K
}
Event: 8.536 GC heap after
{Heap after GC invocations=14 (full 0):
 garbage-first heap   total 108544K, used 46988K [0x0000000740000000, 0x0000000800000000)
  region size 2048K, 2 young (4096K), 2 survivors (4096K)
 Metaspace       used 55474K, committed 55936K, reserved 1097728K
  class space    used 7259K, committed 7488K, reserved 1048576K
}
Event: 8.688 GC heap before
{Heap before GC invocations=14 (full 0):
 garbage-first heap   total 108544K, used 73612K [0x0000000740000000, 0x0000000800000000)
  region size 2048K, 7 young (14336K), 2 survivors (4096K)
 Metaspace       used 55719K, committed 56256K, reserved 1105920K
  class space    used 7277K, committed 7488K, reserved 1048576K
}
Event: 8.692 GC heap after
{Heap after GC invocations=15 (full 0):
 garbage-first heap   total 108544K, used 47307K [0x0000000740000000, 0x0000000800000000)
  region size 2048K, 2 young (4096K), 2 survivors (4096K)
 Metaspace       used 55719K, committed 56256K, reserved 1105920K
  class space    used 7277K, committed 7488K, reserved 1048576K
}
Event: 8.727 GC heap before
{Heap before GC invocations=15 (full 0):
 garbage-first heap   total 108544K, used 69835K [0x0000000740000000, 0x0000000800000000)
  region size 2048K, 6 young (12288K), 2 survivors (4096K)
 Metaspace       used 55746K, committed 56256K, reserved 1105920K
  class space    used 7277K, committed 7488K, reserved 1048576K
}
Event: 8.730 GC heap after
{Heap after GC invocations=16 (full 0):
 garbage-first heap   total 108544K, used 47058K [0x0000000740000000, 0x0000000800000000)
  region size 2048K, 2 young (4096K), 2 survivors (4096K)
 Metaspace       used 55746K, committed 56256K, reserved 1105920K
  class space    used 7277K, committed 7488K, reserved 1048576K
}
Event: 8.756 GC heap before
{Heap before GC invocations=16 (full 0):
 garbage-first heap   total 108544K, used 65490K [0x0000000740000000, 0x0000000800000000)
  region size 2048K, 3 young (6144K), 2 survivors (4096K)
 Metaspace       used 55750K, committed 56256K, reserved 1105920K
  class space    used 7278K, committed 7488K, reserved 1048576K
}
Event: 8.759 GC heap after
{Heap after GC invocations=17 (full 0):
 garbage-first heap   total 145408K, used 47045K [0x0000000740000000, 0x0000000800000000)
  region size 2048K, 2 young (4096K), 2 survivors (4096K)
 Metaspace       used 55750K, committed 56256K, reserved 1105920K
  class space    used 7278K, committed 7488K, reserved 1048576K
}
Event: 8.942 GC heap before
{Heap before GC invocations=17 (full 0):
 garbage-first heap   total 145408K, used 73669K [0x0000000740000000, 0x0000000800000000)
  region size 2048K, 7 young (14336K), 2 survivors (4096K)
 Metaspace       used 56187K, committed 56640K, reserved 1105920K
  class space    used 7334K, committed 7552K, reserved 1048576K
}
Event: 8.947 GC heap after
{Heap after GC invocations=18 (full 0):
 garbage-first heap   total 145408K, used 47673K [0x0000000740000000, 0x0000000800000000)
  region size 2048K, 2 young (4096K), 2 survivors (4096K)
 Metaspace       used 56187K, committed 56640K, reserved 1105920K
  class space    used 7334K, committed 7552K, reserved 1048576K
}
Event: 8.984 GC heap before
{Heap before GC invocations=18 (full 0):
 garbage-first heap   total 145408K, used 62009K [0x0000000740000000, 0x0000000800000000)
  region size 2048K, 4 young (8192K), 2 survivors (4096K)
 Metaspace       used 56187K, committed 56640K, reserved 1105920K
  class space    used 7334K, committed 7552K, reserved 1048576K
}
Event: 8.988 GC heap after
{Heap after GC invocations=19 (full 0):
 garbage-first heap   total 145408K, used 47685K [0x0000000740000000, 0x0000000800000000)
  region size 2048K, 2 young (4096K), 2 survivors (4096K)
 Metaspace       used 56187K, committed 56640K, reserved 1105920K
  class space    used 7334K, committed 7552K, reserved 1048576K
}
Event: 9.086 GC heap before
{Heap before GC invocations=19 (full 0):
 garbage-first heap   total 145408K, used 72261K [0x0000000740000000, 0x0000000800000000)
  region size 2048K, 6 young (12288K), 2 survivors (4096K)
 Metaspace       used 56297K, committed 56768K, reserved 1105920K
  class space    used 7335K, committed 7552K, reserved 1048576K
}
Event: 9.089 GC heap after
{Heap after GC invocations=20 (full 0):
 garbage-first heap   total 145408K, used 47527K [0x0000000740000000, 0x0000000800000000)
  region size 2048K, 2 young (4096K), 2 survivors (4096K)
 Metaspace       used 56297K, committed 56768K, reserved 1105920K
  class space    used 7335K, committed 7552K, reserved 1048576K
}
Event: 9.120 GC heap before
{Heap before GC invocations=20 (full 0):
 garbage-first heap   total 145408K, used 65959K [0x0000000740000000, 0x0000000800000000)
  region size 2048K, 4 young (8192K), 2 survivors (4096K)
 Metaspace       used 56299K, committed 56768K, reserved 1105920K
  class space    used 7335K, committed 7552K, reserved 1048576K
}
Event: 9.124 GC heap after
{Heap after GC invocations=21 (full 0):
 garbage-first heap   total 243712K, used 47445K [0x0000000740000000, 0x0000000800000000)
  region size 2048K, 2 young (4096K), 2 survivors (4096K)
 Metaspace       used 56299K, committed 56768K, reserved 1105920K
  class space    used 7335K, committed 7552K, reserved 1048576K
}
Event: 10.083 GC heap before
{Heap before GC invocations=21 (full 0):
 garbage-first heap   total 243712K, used 117077K [0x0000000740000000, 0x0000000800000000)
  region size 2048K, 33 young (67584K), 2 survivors (4096K)
 Metaspace       used 59210K, committed 59776K, reserved 1105920K
  class space    used 7749K, committed 8000K, reserved 1048576K
}
Event: 10.090 GC heap after
{Heap after GC invocations=22 (full 0):
 garbage-first heap   total 243712K, used 50823K [0x0000000740000000, 0x0000000800000000)
  region size 2048K, 4 young (8192K), 4 survivors (8192K)
 Metaspace       used 59210K, committed 59776K, reserved 1105920K
  class space    used 7749K, committed 8000K, reserved 1048576K
}
Event: 14.301 GC heap before
{Heap before GC invocations=23 (full 0):
 garbage-first heap   total 184320K, used 151175K [0x0000000740000000, 0x0000000800000000)
  region size 2048K, 54 young (110592K), 4 survivors (8192K)
 Metaspace       used 61980K, committed 62528K, reserved 1105920K
  class space    used 8178K, committed 8448K, reserved 1048576K
}
Event: 14.314 GC heap after
{Heap after GC invocations=24 (full 0):
 garbage-first heap   total 184320K, used 63084K [0x0000000740000000, 0x0000000800000000)
  region size 2048K, 7 young (14336K), 7 survivors (14336K)
 Metaspace       used 61980K, committed 62528K, reserved 1105920K
  class space    used 8178K, committed 8448K, reserved 1048576K
}

